2025-08-19T13:49:15.459-0700	DEBUG	elcontracts/bindings.go:84	PermissionController address not provided, the calls to the contract will not work
2025-08-19T13:49:15.462-0700	DEBUG	elcontracts/bindings.go:105	RewardsCoordinator address not provided, the calls to the contract will not work
2025-08-19T13:49:15.485-0700	INFO	aggregator/aggregator.go:257	Starting aggregator 1.9.6
2025-08-19T13:49:15.754-0700	INFO	aggregator/aggregator.go:266	Initialize Storage
badger 2025/08/19 13:49:15 INFO: All 4 tables opened in 3ms
badger 2025/08/19 13:49:15 INFO: Discard stats nextEmptySlot: 0
badger 2025/08/19 13:49:15 INFO: Set nextTxnTs to 145363
badger 2025/08/19 13:49:15 INFO: Deleting empty file: /tmp/ap-avs/db/000097.vlog
2025/08/19 13:49:15 Migration 20250603-183034-token-metadata-fields already applied, skipping
2025/08/19 13:49:15 Migration 20250128-120000-protobuf-structure-cleanup already applied, skipping
2025-08-19T13:49:15.781-0700	INFO	aggregator/aggregator.go:274	Starting Task engine
2025-08-19T13:49:15.782-0700	INFO	aggregator/task_engine.go:59	Start execution engine	{"bundler": "https://bundler-sepolia.avaprotocol.org/rpc?apikey=kt8qTj8MtmAQGsj17Urz1ySn4R", "factory": "0xB99BC2E399e06CddCF5E725c0ea341E8f0322834", "entrypoint": "0x5FF137D4b0FDCD49DcA30c7CF57E578a026d2789"}
2025-08-19T13:49:15.889-0700	INFO	taskengine/token_metadata.go:183	Loaded token whitelist	{"file": "token_whitelist/sepolia.json", "tokenCount": 6, "chainID": 11155111}
2025-08-19T13:49:15.890-0700	INFO	taskengine/token_metadata.go:123	TokenEnrichmentService initialized	{"chainID": 11155111, "whitelistTokens": 6}
2025-08-19T13:49:15.891-0700	DEBUG	taskengine/engine.go:241	initializing TokenEnrichmentService	{"has_rpc": true}
2025-08-19T13:49:16.010-0700	INFO	taskengine/token_metadata.go:183	Loaded token whitelist	{"file": "token_whitelist/sepolia.json", "tokenCount": 6, "chainID": 11155111}
2025-08-19T13:49:16.010-0700	INFO	taskengine/token_metadata.go:123	TokenEnrichmentService initialized	{"chainID": 11155111, "whitelistTokens": 6}
2025-08-19T13:49:16.010-0700	INFO	taskengine/token_metadata.go:183	Loaded token whitelist	{"file": "token_whitelist/sepolia.json", "tokenCount": 6, "chainID": 11155111}
2025-08-19T13:49:16.010-0700	INFO	taskengine/engine.go:254	Token whitelist loaded successfully	{"cacheSize": 6}
2025-08-19T13:49:16.010-0700	INFO	taskengine/engine.go:258	TokenEnrichmentService initialized successfully with RPC and whitelist support
2025-08-19T13:49:16.010-0700	INFO	taskengine/engine.go:265	Engine: Initializing TenderlyClient	{"logger_is_nil": false}
2025-08-19T13:49:16.011-0700	INFO	taskengine/engine.go:267	Engine: TenderlyClient initialized	{"tenderly_client_logger_is_nil": false}
2025-08-19T13:49:16.015-0700	INFO	taskengine/engine.go:330	🚀 Engine started successfully	{"active_tasks_loaded": 0}
2025-08-19T13:49:16.015-0700	INFO	taskengine/engine.go:4164	🔍 Scanning for tasks with invalid configurations...
2025-08-19T13:49:16.015-0700	INFO	taskengine/engine.go:4200	✅ No invalid tasks found
2025-08-19T13:49:16.015-0700	INFO	aggregator/task_engine.go:110	scheduled periodic queue cleanup every 5 minutes (development mode)
2025-08-19T13:49:16.016-0700	INFO	aggregator/aggregator.go:277	Starting rpc server
2025-08-19T13:49:16.125-0700	INFO	aggregator/rpc_server.go:793	start grpc server	{"address": "[::]:2206"}
2025-08-19T13:49:16.125-0700	INFO	aggregator/aggregator.go:283	Starting repl
2025-08-19T13:49:16.125-0700	INFO	aggregator/aggregator.go:286	Starting http server
2025-08-19T13:49:16.126-0700	INFO	aggregator/http_server.go:42	Successfully loaded operator names
2025-08-19T13:49:16.127-0700	INFO	aggregator/http_server.go:52	Successfully cleaned up duplicate operator entries
2025-08-19T13:49:16.127-0700	INFO	aggregator/http_server.go:61	Sentry DSN from config: https://d304c8708d5097f7787eeb664e4098c6@o1156669.ingest.us.sentry.io/4509386759733248
2025-08-19T13:49:16.127-0700	INFO	aggregator/http_server.go:69	Sentry ServerName from config: aggregator-dev-chris
[Sentry] 2025/08/19 13:49:16 Integration installed: ContextifyFrames
[Sentry] 2025/08/19 13:49:16 Integration installed: Environment
[Sentry] 2025/08/19 13:49:16 Integration installed: Modules
[Sentry] 2025/08/19 13:49:16 Integration installed: IgnoreErrors
[Sentry] 2025/08/19 13:49:16 Integration installed: IgnoreTransactions
[Sentry] 2025/08/19 13:49:16 Integration installed: GlobalTags
2025-08-19T13:49:16.129-0700	INFO	aggregator/http_server.go:188	HTTP server listening	{"address": "0.0.0.0:8080"}

   ____    __
  / __/___/ /  ___
 / _// __/ _ \/ _ \
/___/\__/_//_/\___/ v4.12.0
High performance, minimalist Go web framework
https://echo.labstack.com
____________________________________O/_______
                                    O\
⇨ http server started on [::]:8080
2025-08-19T13:49:17.689-0700	DEBUG	elcontracts/bindings.go:84	PermissionController address not provided, the calls to the contract will not work
2025-08-19T13:49:17.689-0700	DEBUG	elcontracts/bindings.go:105	RewardsCoordinator address not provided, the calls to the contract will not work
2025-08-19T13:49:17.920-0700	DEBUG	elcontracts/bindings.go:84	PermissionController address not provided, the calls to the contract will not work
2025-08-19T13:49:17.920-0700	DEBUG	elcontracts/bindings.go:105	RewardsCoordinator address not provided, the calls to the contract will not work
2025-08-19T13:49:17.920-0700	INFO	aggregator/aggregator.go:135	create avs reader and client	{"avsReader": {"AvsServiceBindings":{"TaskManager":{},"ServiceManager":{}}}, "clients": {"AvsRegistryChainReader":{},"AvsRegistryChainSubscriber":{},"ElChainReader":{},"EthHttpClient":{},"EthWsClient":{},"AvsRegistryContractBindings":{"ServiceManagerAddr":"0x80d492e1002f9c24b26179a024b8aa871febbc9d","RegistryCoordinatorAddr":"0xca95381802fd1398d5bf2d01243210cfb3a2b3bd","StakeRegistryAddr":"0x6dfadb7e0ff7cac8682f9c733890150210206e05","BlsApkRegistryAddr":"0xc7fe896a9f0529b0e2b8193ebaf911bcd9d84a3f","OperatorStateRetrieverAddr":"0x070e0abe8407eb4727fc7c5284bdc1e5e5cbf605","IndexRegistryAddr":"0xdb8771619a7c2b9050ce66321a0652bc889399c2","DelegationManagerAddr":"0xd4a7e1bd8015057293f0d0a557088c286942e84b","AvsDirectoryAddr":"0xa789c91ecddae96865913130b786140ee17af545","AllocationManagerAddr":"0x42583067658071247ec8ce0a516a58f682002d07","ServiceManager":{},"RegistryCoordinator":{},"StakeRegistry":{},"BlsApkRegistry":{},"IndexRegistry":{},"OperatorStateRetriever":{}},"EigenlayerContractBindings":{"StrategyManagerAddr":"0x2e3d6c0744b10eb0a4e6f679f71554a39ec47a5d","DelegationManagerAddr":"0xd4a7e1bd8015057293f0d0a557088c286942e84b","AvsDirectoryAddr":"0xa789c91ecddae96865913130b786140ee17af545","RewardsCoordinatorAddress":"0x0000000000000000000000000000000000000000","AllocationManagerAddr":"0x42583067658071247ec8ce0a516a58f682002d07","DelegationManager":{},"StrategyManager":{},"AvsDirectory":{},"RewardsCoordinator":null,"AllocationManager":{},"PermissionController":null},"Metrics":{},"PrometheusRegistry":{},"Wallet":{},"TxManager":{},"ElChainWriter":{},"AvsRegistryChainWriter":{}}}
2025-08-19T13:49:57.239-0700	INFO	taskengine/engine.go:752	open channel to stream check to operator	{"operator": "0x997E5D40a32c44a3D93E59fC55C4Fd20b7d2d49D", "stream_id": "d2d49D-4000", "connection_start_time": "13:49:57.238", "monotonic_clock": 1755636597}
2025-08-19T13:49:57.240-0700	INFO	taskengine/engine.go:777	🔗 New operator connected with capabilities	{"operator": "0x997E5D40a32c44a3D93E59fC55C4Fd20b7d2d49D", "event_monitoring": true, "block_monitoring": true, "time_monitoring": true}
2025-08-19T13:50:02.241-0700	INFO	taskengine/engine.go:893	📟 Ticker fired for operator	{"operator": "0x997E5D40a32c44a3D93E59fC55C4Fd20b7d2d49D", "stream_id": "d2d49D-4000", "tick_time": "13:50:02.240", "connection_start_time": "13:49:57.238", "connection_age": "5.001866458s"}
2025-08-19T13:50:02.241-0700	INFO	taskengine/engine.go:912	⏳ Waiting for connection to stabilize before sending tasks	{"operator": "0x997E5D40a32c44a3D93E59fC55C4Fd20b7d2d49D", "stream_id": "d2d49D-4000", "connection_age": "5.001866458s", "min_required": "10s", "remaining_wait": "4.998133542s", "tick_time": "13:50:02.240"}
2025-08-19T13:50:07.241-0700	INFO	taskengine/engine.go:893	📟 Ticker fired for operator	{"operator": "0x997E5D40a32c44a3D93E59fC55C4Fd20b7d2d49D", "stream_id": "d2d49D-4000", "tick_time": "13:50:07.241", "connection_start_time": "13:49:57.238", "connection_age": "10.002332792s"}
2025-08-19T13:50:07.242-0700	INFO	taskengine/engine.go:922	✅ Connection stabilized, proceeding with task assignment	{"operator": "0x997E5D40a32c44a3D93E59fC55C4Fd20b7d2d49D", "stream_id": "d2d49D-4000", "connection_age": "10.002332792s", "stabilization_complete": true, "total_tasks_in_memory": 0}
2025-08-19T13:50:07.242-0700	DEBUG	taskengine/engine.go:3004	Using hardcoded operator approval list	{"operator": "0x997E5D40a32c44a3D93E59fC55C4Fd20b7d2d49D"}
2025-08-19T13:50:07.243-0700	DEBUG	taskengine/engine.go:968	🔍 Processing tasks for operator assignment	{"operator": "0x997E5D40a32c44a3D93E59fC55C4Fd20b7d2d49D", "total_tasks_in_memory": 0}
2025-08-19T13:50:07.243-0700	DEBUG	taskengine/engine.go:1063	🔍 Task processing completed for operator	{"operator": "0x997E5D40a32c44a3D93E59fC55C4Fd20b7d2d49D", "tasks_to_stream": 0, "new_assignments": 0, "orphaned_reclaimed": 0}
2025-08-19T13:50:12.241-0700	INFO	taskengine/engine.go:893	📟 Ticker fired for operator	{"operator": "0x997E5D40a32c44a3D93E59fC55C4Fd20b7d2d49D", "stream_id": "d2d49D-4000", "tick_time": "13:50:12.241", "connection_start_time": "13:49:57.238", "connection_age": "15.002278667s"}
2025-08-19T13:50:12.241-0700	INFO	taskengine/engine.go:922	✅ Connection stabilized, proceeding with task assignment	{"operator": "0x997E5D40a32c44a3D93E59fC55C4Fd20b7d2d49D", "stream_id": "d2d49D-4000", "connection_age": "15.002278667s", "stabilization_complete": true, "total_tasks_in_memory": 0}
2025-08-19T13:50:12.241-0700	DEBUG	taskengine/engine.go:3004	Using hardcoded operator approval list	{"operator": "0x997E5D40a32c44a3D93E59fC55C4Fd20b7d2d49D"}
2025-08-19T13:50:12.241-0700	DEBUG	taskengine/engine.go:968	🔍 Processing tasks for operator assignment	{"operator": "0x997E5D40a32c44a3D93E59fC55C4Fd20b7d2d49D", "total_tasks_in_memory": 0}
2025-08-19T13:50:12.241-0700	DEBUG	taskengine/engine.go:1063	🔍 Task processing completed for operator	{"operator": "0x997E5D40a32c44a3D93E59fC55C4Fd20b7d2d49D", "tasks_to_stream": 0, "new_assignments": 0, "orphaned_reclaimed": 0}
2025-08-19T13:50:17.241-0700	INFO	taskengine/engine.go:893	📟 Ticker fired for operator	{"operator": "0x997E5D40a32c44a3D93E59fC55C4Fd20b7d2d49D", "stream_id": "d2d49D-4000", "tick_time": "13:50:17.241", "connection_start_time": "13:49:57.238", "connection_age": "20.002321167s"}
2025-08-19T13:50:17.242-0700	INFO	taskengine/engine.go:922	✅ Connection stabilized, proceeding with task assignment	{"operator": "0x997E5D40a32c44a3D93E59fC55C4Fd20b7d2d49D", "stream_id": "d2d49D-4000", "connection_age": "20.002321167s", "stabilization_complete": true, "total_tasks_in_memory": 0}
2025-08-19T13:50:17.242-0700	DEBUG	taskengine/engine.go:3004	Using hardcoded operator approval list	{"operator": "0x997E5D40a32c44a3D93E59fC55C4Fd20b7d2d49D"}
2025-08-19T13:50:17.242-0700	DEBUG	taskengine/engine.go:968	🔍 Processing tasks for operator assignment	{"operator": "0x997E5D40a32c44a3D93E59fC55C4Fd20b7d2d49D", "total_tasks_in_memory": 0}
2025-08-19T13:50:17.242-0700	DEBUG	taskengine/engine.go:1063	🔍 Task processing completed for operator	{"operator": "0x997E5D40a32c44a3D93E59fC55C4Fd20b7d2d49D", "tasks_to_stream": 0, "new_assignments": 0, "orphaned_reclaimed": 0}
2025-08-19T13:50:22.241-0700	INFO	taskengine/engine.go:893	📟 Ticker fired for operator	{"operator": "0x997E5D40a32c44a3D93E59fC55C4Fd20b7d2d49D", "stream_id": "d2d49D-4000", "tick_time": "13:50:22.241", "connection_start_time": "13:49:57.238", "connection_age": "25.002401s"}
2025-08-19T13:50:22.241-0700	INFO	taskengine/engine.go:922	✅ Connection stabilized, proceeding with task assignment	{"operator": "0x997E5D40a32c44a3D93E59fC55C4Fd20b7d2d49D", "stream_id": "d2d49D-4000", "connection_age": "25.002401s", "stabilization_complete": true, "total_tasks_in_memory": 0}
2025-08-19T13:50:22.241-0700	DEBUG	taskengine/engine.go:3004	Using hardcoded operator approval list	{"operator": "0x997E5D40a32c44a3D93E59fC55C4Fd20b7d2d49D"}
2025-08-19T13:50:22.241-0700	DEBUG	taskengine/engine.go:968	🔍 Processing tasks for operator assignment	{"operator": "0x997E5D40a32c44a3D93E59fC55C4Fd20b7d2d49D", "total_tasks_in_memory": 0}
2025-08-19T13:50:22.241-0700	DEBUG	taskengine/engine.go:1063	🔍 Task processing completed for operator	{"operator": "0x997E5D40a32c44a3D93E59fC55C4Fd20b7d2d49D", "tasks_to_stream": 0, "new_assignments": 0, "orphaned_reclaimed": 0}
2025-08-19T13:50:27.241-0700	INFO	taskengine/engine.go:893	📟 Ticker fired for operator	{"operator": "0x997E5D40a32c44a3D93E59fC55C4Fd20b7d2d49D", "stream_id": "d2d49D-4000", "tick_time": "13:50:27.241", "connection_start_time": "13:49:57.238", "connection_age": "30.002319458s"}
2025-08-19T13:50:27.242-0700	INFO	taskengine/engine.go:922	✅ Connection stabilized, proceeding with task assignment	{"operator": "0x997E5D40a32c44a3D93E59fC55C4Fd20b7d2d49D", "stream_id": "d2d49D-4000", "connection_age": "30.002319458s", "stabilization_complete": true, "total_tasks_in_memory": 0}
2025-08-19T13:50:27.242-0700	DEBUG	taskengine/engine.go:3004	Using hardcoded operator approval list	{"operator": "0x997E5D40a32c44a3D93E59fC55C4Fd20b7d2d49D"}
2025-08-19T13:50:27.242-0700	DEBUG	taskengine/engine.go:968	🔍 Processing tasks for operator assignment	{"operator": "0x997E5D40a32c44a3D93E59fC55C4Fd20b7d2d49D", "total_tasks_in_memory": 0}
2025-08-19T13:50:27.242-0700	DEBUG	taskengine/engine.go:1063	🔍 Task processing completed for operator	{"operator": "0x997E5D40a32c44a3D93E59fC55C4Fd20b7d2d49D", "tasks_to_stream": 0, "new_assignments": 0, "orphaned_reclaimed": 0}
2025-08-19T13:50:32.243-0700	INFO	taskengine/engine.go:893	📟 Ticker fired for operator	{"operator": "0x997E5D40a32c44a3D93E59fC55C4Fd20b7d2d49D", "stream_id": "d2d49D-4000", "tick_time": "13:50:32.243", "connection_start_time": "13:49:57.238", "connection_age": "35.003741792s"}
2025-08-19T13:50:32.246-0700	INFO	taskengine/engine.go:922	✅ Connection stabilized, proceeding with task assignment	{"operator": "0x997E5D40a32c44a3D93E59fC55C4Fd20b7d2d49D", "stream_id": "d2d49D-4000", "connection_age": "35.003741792s", "stabilization_complete": true, "total_tasks_in_memory": 0}
2025-08-19T13:50:32.246-0700	DEBUG	taskengine/engine.go:3004	Using hardcoded operator approval list	{"operator": "0x997E5D40a32c44a3D93E59fC55C4Fd20b7d2d49D"}
2025-08-19T13:50:32.246-0700	DEBUG	taskengine/engine.go:968	🔍 Processing tasks for operator assignment	{"operator": "0x997E5D40a32c44a3D93E59fC55C4Fd20b7d2d49D", "total_tasks_in_memory": 0}
2025-08-19T13:50:32.246-0700	DEBUG	taskengine/engine.go:1063	🔍 Task processing completed for operator	{"operator": "0x997E5D40a32c44a3D93E59fC55C4Fd20b7d2d49D", "tasks_to_stream": 0, "new_assignments": 0, "orphaned_reclaimed": 0}
2025-08-19T13:50:37.241-0700	INFO	taskengine/engine.go:893	📟 Ticker fired for operator	{"operator": "0x997E5D40a32c44a3D93E59fC55C4Fd20b7d2d49D", "stream_id": "d2d49D-4000", "tick_time": "13:50:37.241", "connection_start_time": "13:49:57.238", "connection_age": "40.00173525s"}
2025-08-19T13:50:37.243-0700	INFO	taskengine/engine.go:922	✅ Connection stabilized, proceeding with task assignment	{"operator": "0x997E5D40a32c44a3D93E59fC55C4Fd20b7d2d49D", "stream_id": "d2d49D-4000", "connection_age": "40.00173525s", "stabilization_complete": true, "total_tasks_in_memory": 0}
2025-08-19T13:50:37.243-0700	DEBUG	taskengine/engine.go:3004	Using hardcoded operator approval list	{"operator": "0x997E5D40a32c44a3D93E59fC55C4Fd20b7d2d49D"}
2025-08-19T13:50:37.243-0700	DEBUG	taskengine/engine.go:968	🔍 Processing tasks for operator assignment	{"operator": "0x997E5D40a32c44a3D93E59fC55C4Fd20b7d2d49D", "total_tasks_in_memory": 0}
2025-08-19T13:50:37.243-0700	DEBUG	taskengine/engine.go:1063	🔍 Task processing completed for operator	{"operator": "0x997E5D40a32c44a3D93E59fC55C4Fd20b7d2d49D", "tasks_to_stream": 0, "new_assignments": 0, "orphaned_reclaimed": 0}
2025-08-19T13:50:42.241-0700	INFO	taskengine/engine.go:893	📟 Ticker fired for operator	{"operator": "0x997E5D40a32c44a3D93E59fC55C4Fd20b7d2d49D", "stream_id": "d2d49D-4000", "tick_time": "13:50:42.241", "connection_start_time": "13:49:57.238", "connection_age": "45.002278542s"}
2025-08-19T13:50:42.242-0700	INFO	taskengine/engine.go:922	✅ Connection stabilized, proceeding with task assignment	{"operator": "0x997E5D40a32c44a3D93E59fC55C4Fd20b7d2d49D", "stream_id": "d2d49D-4000", "connection_age": "45.002278542s", "stabilization_complete": true, "total_tasks_in_memory": 0}
2025-08-19T13:50:42.242-0700	DEBUG	taskengine/engine.go:3004	Using hardcoded operator approval list	{"operator": "0x997E5D40a32c44a3D93E59fC55C4Fd20b7d2d49D"}
2025-08-19T13:50:42.242-0700	DEBUG	taskengine/engine.go:968	🔍 Processing tasks for operator assignment	{"operator": "0x997E5D40a32c44a3D93E59fC55C4Fd20b7d2d49D", "total_tasks_in_memory": 0}
2025-08-19T13:50:42.242-0700	DEBUG	taskengine/engine.go:1063	🔍 Task processing completed for operator	{"operator": "0x997E5D40a32c44a3D93E59fC55C4Fd20b7d2d49D", "tasks_to_stream": 0, "new_assignments": 0, "orphaned_reclaimed": 0}
2025-08-19T13:50:47.242-0700	INFO	taskengine/engine.go:893	📟 Ticker fired for operator	{"operator": "0x997E5D40a32c44a3D93E59fC55C4Fd20b7d2d49D", "stream_id": "d2d49D-4000", "tick_time": "13:50:47.242", "connection_start_time": "13:49:57.238", "connection_age": "50.002326333s"}
2025-08-19T13:50:47.242-0700	INFO	taskengine/engine.go:922	✅ Connection stabilized, proceeding with task assignment	{"operator": "0x997E5D40a32c44a3D93E59fC55C4Fd20b7d2d49D", "stream_id": "d2d49D-4000", "connection_age": "50.002326333s", "stabilization_complete": true, "total_tasks_in_memory": 0}
2025-08-19T13:50:47.242-0700	DEBUG	taskengine/engine.go:3004	Using hardcoded operator approval list	{"operator": "0x997E5D40a32c44a3D93E59fC55C4Fd20b7d2d49D"}
2025-08-19T13:50:47.242-0700	DEBUG	taskengine/engine.go:968	🔍 Processing tasks for operator assignment	{"operator": "0x997E5D40a32c44a3D93E59fC55C4Fd20b7d2d49D", "total_tasks_in_memory": 0}
2025-08-19T13:50:47.242-0700	DEBUG	taskengine/engine.go:1063	🔍 Task processing completed for operator	{"operator": "0x997E5D40a32c44a3D93E59fC55C4Fd20b7d2d49D", "tasks_to_stream": 0, "new_assignments": 0, "orphaned_reclaimed": 0}
2025-08-19T13:50:52.242-0700	INFO	taskengine/engine.go:893	📟 Ticker fired for operator	{"operator": "0x997E5D40a32c44a3D93E59fC55C4Fd20b7d2d49D", "stream_id": "d2d49D-4000", "tick_time": "13:50:52.242", "connection_start_time": "13:49:57.238", "connection_age": "55.002281167s"}
2025-08-19T13:50:52.242-0700	INFO	taskengine/engine.go:922	✅ Connection stabilized, proceeding with task assignment	{"operator": "0x997E5D40a32c44a3D93E59fC55C4Fd20b7d2d49D", "stream_id": "d2d49D-4000", "connection_age": "55.002281167s", "stabilization_complete": true, "total_tasks_in_memory": 0}
2025-08-19T13:50:52.242-0700	DEBUG	taskengine/engine.go:3004	Using hardcoded operator approval list	{"operator": "0x997E5D40a32c44a3D93E59fC55C4Fd20b7d2d49D"}
2025-08-19T13:50:52.242-0700	DEBUG	taskengine/engine.go:968	🔍 Processing tasks for operator assignment	{"operator": "0x997E5D40a32c44a3D93E59fC55C4Fd20b7d2d49D", "total_tasks_in_memory": 0}
2025-08-19T13:50:52.242-0700	DEBUG	taskengine/engine.go:1063	🔍 Task processing completed for operator	{"operator": "0x997E5D40a32c44a3D93E59fC55C4Fd20b7d2d49D", "tasks_to_stream": 0, "new_assignments": 0, "orphaned_reclaimed": 0}
2025-08-19T13:50:57.242-0700	INFO	taskengine/engine.go:893	📟 Ticker fired for operator	{"operator": "0x997E5D40a32c44a3D93E59fC55C4Fd20b7d2d49D", "stream_id": "d2d49D-4000", "tick_time": "13:50:57.242", "connection_start_time": "13:49:57.238", "connection_age": "1m0.002304583s"}
2025-08-19T13:50:57.243-0700	INFO	taskengine/engine.go:922	✅ Connection stabilized, proceeding with task assignment	{"operator": "0x997E5D40a32c44a3D93E59fC55C4Fd20b7d2d49D", "stream_id": "d2d49D-4000", "connection_age": "1m0.002304583s", "stabilization_complete": true, "total_tasks_in_memory": 0}
2025-08-19T13:50:57.243-0700	DEBUG	taskengine/engine.go:3004	Using hardcoded operator approval list	{"operator": "0x997E5D40a32c44a3D93E59fC55C4Fd20b7d2d49D"}
2025-08-19T13:50:57.243-0700	DEBUG	taskengine/engine.go:968	🔍 Processing tasks for operator assignment	{"operator": "0x997E5D40a32c44a3D93E59fC55C4Fd20b7d2d49D", "total_tasks_in_memory": 0}
2025-08-19T13:50:57.243-0700	DEBUG	taskengine/engine.go:1063	🔍 Task processing completed for operator	{"operator": "0x997E5D40a32c44a3D93E59fC55C4Fd20b7d2d49D", "tasks_to_stream": 0, "new_assignments": 0, "orphaned_reclaimed": 0}
2025-08-19T13:51:02.243-0700	INFO	taskengine/engine.go:893	📟 Ticker fired for operator	{"operator": "0x997E5D40a32c44a3D93E59fC55C4Fd20b7d2d49D", "stream_id": "d2d49D-4000", "tick_time": "13:51:02.242", "connection_start_time": "13:49:57.238", "connection_age": "1m5.002716917s"}
2025-08-19T13:51:02.251-0700	INFO	taskengine/engine.go:922	✅ Connection stabilized, proceeding with task assignment	{"operator": "0x997E5D40a32c44a3D93E59fC55C4Fd20b7d2d49D", "stream_id": "d2d49D-4000", "connection_age": "1m5.002716917s", "stabilization_complete": true, "total_tasks_in_memory": 0}
2025-08-19T13:51:02.251-0700	DEBUG	taskengine/engine.go:3004	Using hardcoded operator approval list	{"operator": "0x997E5D40a32c44a3D93E59fC55C4Fd20b7d2d49D"}
2025-08-19T13:51:02.252-0700	DEBUG	taskengine/engine.go:968	🔍 Processing tasks for operator assignment	{"operator": "0x997E5D40a32c44a3D93E59fC55C4Fd20b7d2d49D", "total_tasks_in_memory": 0}
2025-08-19T13:51:02.252-0700	DEBUG	taskengine/engine.go:1063	🔍 Task processing completed for operator	{"operator": "0x997E5D40a32c44a3D93E59fC55C4Fd20b7d2d49D", "tasks_to_stream": 0, "new_assignments": 0, "orphaned_reclaimed": 0}
2025-08-19T13:51:07.242-0700	INFO	taskengine/engine.go:893	📟 Ticker fired for operator	{"operator": "0x997E5D40a32c44a3D93E59fC55C4Fd20b7d2d49D", "stream_id": "d2d49D-4000", "tick_time": "13:51:07.242", "connection_start_time": "13:49:57.238", "connection_age": "1m10.002318458s"}
2025-08-19T13:51:07.243-0700	INFO	taskengine/engine.go:922	✅ Connection stabilized, proceeding with task assignment	{"operator": "0x997E5D40a32c44a3D93E59fC55C4Fd20b7d2d49D", "stream_id": "d2d49D-4000", "connection_age": "1m10.002318458s", "stabilization_complete": true, "total_tasks_in_memory": 0}
2025-08-19T13:51:07.243-0700	DEBUG	taskengine/engine.go:3004	Using hardcoded operator approval list	{"operator": "0x997E5D40a32c44a3D93E59fC55C4Fd20b7d2d49D"}
2025-08-19T13:51:07.243-0700	DEBUG	taskengine/engine.go:968	🔍 Processing tasks for operator assignment	{"operator": "0x997E5D40a32c44a3D93E59fC55C4Fd20b7d2d49D", "total_tasks_in_memory": 0}
2025-08-19T13:51:07.243-0700	DEBUG	taskengine/engine.go:1063	🔍 Task processing completed for operator	{"operator": "0x997E5D40a32c44a3D93E59fC55C4Fd20b7d2d49D", "tasks_to_stream": 0, "new_assignments": 0, "orphaned_reclaimed": 0}
2025-08-19T13:51:12.237-0700	INFO	taskengine/engine.go:893	📟 Ticker fired for operator	{"operator": "0x997E5D40a32c44a3D93E59fC55C4Fd20b7d2d49D", "stream_id": "d2d49D-4000", "tick_time": "13:51:12.237", "connection_start_time": "13:49:57.238", "connection_age": "1m15.002351083s"}
2025-08-19T13:51:12.237-0700	INFO	taskengine/engine.go:922	✅ Connection stabilized, proceeding with task assignment	{"operator": "0x997E5D40a32c44a3D93E59fC55C4Fd20b7d2d49D", "stream_id": "d2d49D-4000", "connection_age": "1m15.002351083s", "stabilization_complete": true, "total_tasks_in_memory": 0}
2025-08-19T13:51:12.238-0700	DEBUG	taskengine/engine.go:3004	Using hardcoded operator approval list	{"operator": "0x997E5D40a32c44a3D93E59fC55C4Fd20b7d2d49D"}
2025-08-19T13:51:12.238-0700	DEBUG	taskengine/engine.go:968	🔍 Processing tasks for operator assignment	{"operator": "0x997E5D40a32c44a3D93E59fC55C4Fd20b7d2d49D", "total_tasks_in_memory": 0}
2025-08-19T13:51:12.238-0700	DEBUG	taskengine/engine.go:1063	🔍 Task processing completed for operator	{"operator": "0x997E5D40a32c44a3D93E59fC55C4Fd20b7d2d49D", "tasks_to_stream": 0, "new_assignments": 0, "orphaned_reclaimed": 0}
2025-08-19T13:51:17.234-0700	INFO	taskengine/engine.go:893	📟 Ticker fired for operator	{"operator": "0x997E5D40a32c44a3D93E59fC55C4Fd20b7d2d49D", "stream_id": "d2d49D-4000", "tick_time": "13:51:17.233", "connection_start_time": "13:49:57.238", "connection_age": "1m20.001654042s"}
2025-08-19T13:51:17.234-0700	INFO	taskengine/engine.go:922	✅ Connection stabilized, proceeding with task assignment	{"operator": "0x997E5D40a32c44a3D93E59fC55C4Fd20b7d2d49D", "stream_id": "d2d49D-4000", "connection_age": "1m20.001654042s", "stabilization_complete": true, "total_tasks_in_memory": 0}
2025-08-19T13:51:17.234-0700	DEBUG	taskengine/engine.go:3004	Using hardcoded operator approval list	{"operator": "0x997E5D40a32c44a3D93E59fC55C4Fd20b7d2d49D"}
2025-08-19T13:51:17.234-0700	DEBUG	taskengine/engine.go:968	🔍 Processing tasks for operator assignment	{"operator": "0x997E5D40a32c44a3D93E59fC55C4Fd20b7d2d49D", "total_tasks_in_memory": 0}
2025-08-19T13:51:17.234-0700	DEBUG	taskengine/engine.go:1063	🔍 Task processing completed for operator	{"operator": "0x997E5D40a32c44a3D93E59fC55C4Fd20b7d2d49D", "tasks_to_stream": 0, "new_assignments": 0, "orphaned_reclaimed": 0}
2025-08-19T13:51:22.232-0700	INFO	taskengine/engine.go:893	📟 Ticker fired for operator	{"operator": "0x997E5D40a32c44a3D93E59fC55C4Fd20b7d2d49D", "stream_id": "d2d49D-4000", "tick_time": "13:51:22.232", "connection_start_time": "13:49:57.238", "connection_age": "1m25.002289333s"}
2025-08-19T13:51:22.232-0700	INFO	taskengine/engine.go:922	✅ Connection stabilized, proceeding with task assignment	{"operator": "0x997E5D40a32c44a3D93E59fC55C4Fd20b7d2d49D", "stream_id": "d2d49D-4000", "connection_age": "1m25.002289333s", "stabilization_complete": true, "total_tasks_in_memory": 0}
2025-08-19T13:51:22.232-0700	DEBUG	taskengine/engine.go:3004	Using hardcoded operator approval list	{"operator": "0x997E5D40a32c44a3D93E59fC55C4Fd20b7d2d49D"}
2025-08-19T13:51:22.232-0700	DEBUG	taskengine/engine.go:968	🔍 Processing tasks for operator assignment	{"operator": "0x997E5D40a32c44a3D93E59fC55C4Fd20b7d2d49D", "total_tasks_in_memory": 0}
2025-08-19T13:51:22.232-0700	DEBUG	taskengine/engine.go:1063	🔍 Task processing completed for operator	{"operator": "0x997E5D40a32c44a3D93E59fC55C4Fd20b7d2d49D", "tasks_to_stream": 0, "new_assignments": 0, "orphaned_reclaimed": 0}
2025-08-19T13:51:27.230-0700	INFO	taskengine/engine.go:893	📟 Ticker fired for operator	{"operator": "0x997E5D40a32c44a3D93E59fC55C4Fd20b7d2d49D", "stream_id": "d2d49D-4000", "tick_time": "13:51:27.230", "connection_start_time": "13:49:57.238", "connection_age": "1m30.002277333s"}
2025-08-19T13:51:27.230-0700	INFO	taskengine/engine.go:922	✅ Connection stabilized, proceeding with task assignment	{"operator": "0x997E5D40a32c44a3D93E59fC55C4Fd20b7d2d49D", "stream_id": "d2d49D-4000", "connection_age": "1m30.002277333s", "stabilization_complete": true, "total_tasks_in_memory": 0}
2025-08-19T13:51:27.230-0700	DEBUG	taskengine/engine.go:3004	Using hardcoded operator approval list	{"operator": "0x997E5D40a32c44a3D93E59fC55C4Fd20b7d2d49D"}
2025-08-19T13:51:27.230-0700	DEBUG	taskengine/engine.go:968	🔍 Processing tasks for operator assignment	{"operator": "0x997E5D40a32c44a3D93E59fC55C4Fd20b7d2d49D", "total_tasks_in_memory": 0}
2025-08-19T13:51:27.231-0700	DEBUG	taskengine/engine.go:1063	🔍 Task processing completed for operator	{"operator": "0x997E5D40a32c44a3D93E59fC55C4Fd20b7d2d49D", "tasks_to_stream": 0, "new_assignments": 0, "orphaned_reclaimed": 0}
2025-08-19T13:51:32.230-0700	INFO	taskengine/engine.go:893	📟 Ticker fired for operator	{"operator": "0x997E5D40a32c44a3D93E59fC55C4Fd20b7d2d49D", "stream_id": "d2d49D-4000", "tick_time": "13:51:32.229", "connection_start_time": "13:49:57.238", "connection_age": "1m35.002794333s"}
2025-08-19T13:51:32.231-0700	INFO	taskengine/engine.go:922	✅ Connection stabilized, proceeding with task assignment	{"operator": "0x997E5D40a32c44a3D93E59fC55C4Fd20b7d2d49D", "stream_id": "d2d49D-4000", "connection_age": "1m35.002794333s", "stabilization_complete": true, "total_tasks_in_memory": 0}
2025-08-19T13:51:32.231-0700	DEBUG	taskengine/engine.go:3004	Using hardcoded operator approval list	{"operator": "0x997E5D40a32c44a3D93E59fC55C4Fd20b7d2d49D"}
2025-08-19T13:51:32.231-0700	DEBUG	taskengine/engine.go:968	🔍 Processing tasks for operator assignment	{"operator": "0x997E5D40a32c44a3D93E59fC55C4Fd20b7d2d49D", "total_tasks_in_memory": 0}
2025-08-19T13:51:32.231-0700	DEBUG	taskengine/engine.go:1063	🔍 Task processing completed for operator	{"operator": "0x997E5D40a32c44a3D93E59fC55C4Fd20b7d2d49D", "tasks_to_stream": 0, "new_assignments": 0, "orphaned_reclaimed": 0}
2025-08-19T13:51:37.228-0700	INFO	taskengine/engine.go:893	📟 Ticker fired for operator	{"operator": "0x997E5D40a32c44a3D93E59fC55C4Fd20b7d2d49D", "stream_id": "d2d49D-4000", "tick_time": "13:51:37.228", "connection_start_time": "13:49:57.238", "connection_age": "1m40.002355958s"}
2025-08-19T13:51:37.229-0700	INFO	taskengine/engine.go:922	✅ Connection stabilized, proceeding with task assignment	{"operator": "0x997E5D40a32c44a3D93E59fC55C4Fd20b7d2d49D", "stream_id": "d2d49D-4000", "connection_age": "1m40.002355958s", "stabilization_complete": true, "total_tasks_in_memory": 0}
2025-08-19T13:51:37.229-0700	DEBUG	taskengine/engine.go:3004	Using hardcoded operator approval list	{"operator": "0x997E5D40a32c44a3D93E59fC55C4Fd20b7d2d49D"}
2025-08-19T13:51:37.229-0700	DEBUG	taskengine/engine.go:968	🔍 Processing tasks for operator assignment	{"operator": "0x997E5D40a32c44a3D93E59fC55C4Fd20b7d2d49D", "total_tasks_in_memory": 0}
2025-08-19T13:51:37.229-0700	DEBUG	taskengine/engine.go:1063	🔍 Task processing completed for operator	{"operator": "0x997E5D40a32c44a3D93E59fC55C4Fd20b7d2d49D", "tasks_to_stream": 0, "new_assignments": 0, "orphaned_reclaimed": 0}
2025-08-19T13:51:42.227-0700	INFO	taskengine/engine.go:893	📟 Ticker fired for operator	{"operator": "0x997E5D40a32c44a3D93E59fC55C4Fd20b7d2d49D", "stream_id": "d2d49D-4000", "tick_time": "13:51:42.227", "connection_start_time": "13:49:57.238", "connection_age": "1m45.002291375s"}
2025-08-19T13:51:42.228-0700	INFO	taskengine/engine.go:922	✅ Connection stabilized, proceeding with task assignment	{"operator": "0x997E5D40a32c44a3D93E59fC55C4Fd20b7d2d49D", "stream_id": "d2d49D-4000", "connection_age": "1m45.002291375s", "stabilization_complete": true, "total_tasks_in_memory": 0}
2025-08-19T13:51:42.228-0700	DEBUG	taskengine/engine.go:3004	Using hardcoded operator approval list	{"operator": "0x997E5D40a32c44a3D93E59fC55C4Fd20b7d2d49D"}
2025-08-19T13:51:42.228-0700	DEBUG	taskengine/engine.go:968	🔍 Processing tasks for operator assignment	{"operator": "0x997E5D40a32c44a3D93E59fC55C4Fd20b7d2d49D", "total_tasks_in_memory": 0}
2025-08-19T13:51:42.228-0700	DEBUG	taskengine/engine.go:1063	🔍 Task processing completed for operator	{"operator": "0x997E5D40a32c44a3D93E59fC55C4Fd20b7d2d49D", "tasks_to_stream": 0, "new_assignments": 0, "orphaned_reclaimed": 0}
2025-08-19T13:51:47.227-0700	INFO	taskengine/engine.go:893	📟 Ticker fired for operator	{"operator": "0x997E5D40a32c44a3D93E59fC55C4Fd20b7d2d49D", "stream_id": "d2d49D-4000", "tick_time": "13:51:47.227", "connection_start_time": "13:49:57.238", "connection_age": "1m50.002196542s"}
2025-08-19T13:51:47.227-0700	INFO	taskengine/engine.go:922	✅ Connection stabilized, proceeding with task assignment	{"operator": "0x997E5D40a32c44a3D93E59fC55C4Fd20b7d2d49D", "stream_id": "d2d49D-4000", "connection_age": "1m50.002196542s", "stabilization_complete": true, "total_tasks_in_memory": 0}
2025-08-19T13:51:47.227-0700	DEBUG	taskengine/engine.go:3004	Using hardcoded operator approval list	{"operator": "0x997E5D40a32c44a3D93E59fC55C4Fd20b7d2d49D"}
2025-08-19T13:51:47.227-0700	DEBUG	taskengine/engine.go:968	🔍 Processing tasks for operator assignment	{"operator": "0x997E5D40a32c44a3D93E59fC55C4Fd20b7d2d49D", "total_tasks_in_memory": 0}
2025-08-19T13:51:47.227-0700	DEBUG	taskengine/engine.go:1063	🔍 Task processing completed for operator	{"operator": "0x997E5D40a32c44a3D93E59fC55C4Fd20b7d2d49D", "tasks_to_stream": 0, "new_assignments": 0, "orphaned_reclaimed": 0}
2025-08-19T13:51:52.227-0700	INFO	taskengine/engine.go:893	📟 Ticker fired for operator	{"operator": "0x997E5D40a32c44a3D93E59fC55C4Fd20b7d2d49D", "stream_id": "d2d49D-4000", "tick_time": "13:51:52.227", "connection_start_time": "13:49:57.238", "connection_age": "1m55.002376792s"}
2025-08-19T13:51:52.227-0700	INFO	taskengine/engine.go:922	✅ Connection stabilized, proceeding with task assignment	{"operator": "0x997E5D40a32c44a3D93E59fC55C4Fd20b7d2d49D", "stream_id": "d2d49D-4000", "connection_age": "1m55.002376792s", "stabilization_complete": true, "total_tasks_in_memory": 0}
2025-08-19T13:51:52.227-0700	DEBUG	taskengine/engine.go:3004	Using hardcoded operator approval list	{"operator": "0x997E5D40a32c44a3D93E59fC55C4Fd20b7d2d49D"}
2025-08-19T13:51:52.227-0700	DEBUG	taskengine/engine.go:968	🔍 Processing tasks for operator assignment	{"operator": "0x997E5D40a32c44a3D93E59fC55C4Fd20b7d2d49D", "total_tasks_in_memory": 0}
2025-08-19T13:51:52.227-0700	DEBUG	taskengine/engine.go:1063	🔍 Task processing completed for operator	{"operator": "0x997E5D40a32c44a3D93E59fC55C4Fd20b7d2d49D", "tasks_to_stream": 0, "new_assignments": 0, "orphaned_reclaimed": 0}
2025-08-19T13:51:57.227-0700	INFO	taskengine/engine.go:893	📟 Ticker fired for operator	{"operator": "0x997E5D40a32c44a3D93E59fC55C4Fd20b7d2d49D", "stream_id": "d2d49D-4000", "tick_time": "13:51:57.226", "connection_start_time": "13:49:57.238", "connection_age": "2m0.002284875s"}
2025-08-19T13:51:57.227-0700	INFO	taskengine/engine.go:922	✅ Connection stabilized, proceeding with task assignment	{"operator": "0x997E5D40a32c44a3D93E59fC55C4Fd20b7d2d49D", "stream_id": "d2d49D-4000", "connection_age": "2m0.002284875s", "stabilization_complete": true, "total_tasks_in_memory": 0}
2025-08-19T13:51:57.227-0700	DEBUG	taskengine/engine.go:3004	Using hardcoded operator approval list	{"operator": "0x997E5D40a32c44a3D93E59fC55C4Fd20b7d2d49D"}
2025-08-19T13:51:57.227-0700	DEBUG	taskengine/engine.go:968	🔍 Processing tasks for operator assignment	{"operator": "0x997E5D40a32c44a3D93E59fC55C4Fd20b7d2d49D", "total_tasks_in_memory": 0}
2025-08-19T13:51:57.227-0700	DEBUG	taskengine/engine.go:1063	🔍 Task processing completed for operator	{"operator": "0x997E5D40a32c44a3D93E59fC55C4Fd20b7d2d49D", "tasks_to_stream": 0, "new_assignments": 0, "orphaned_reclaimed": 0}
2025-08-19T13:52:02.226-0700	INFO	taskengine/engine.go:893	📟 Ticker fired for operator	{"operator": "0x997E5D40a32c44a3D93E59fC55C4Fd20b7d2d49D", "stream_id": "d2d49D-4000", "tick_time": "13:52:02.226", "connection_start_time": "13:49:57.238", "connection_age": "2m5.002275042s"}
2025-08-19T13:52:02.227-0700	INFO	taskengine/engine.go:922	✅ Connection stabilized, proceeding with task assignment	{"operator": "0x997E5D40a32c44a3D93E59fC55C4Fd20b7d2d49D", "stream_id": "d2d49D-4000", "connection_age": "2m5.002275042s", "stabilization_complete": true, "total_tasks_in_memory": 0}
2025-08-19T13:52:02.227-0700	DEBUG	taskengine/engine.go:3004	Using hardcoded operator approval list	{"operator": "0x997E5D40a32c44a3D93E59fC55C4Fd20b7d2d49D"}
2025-08-19T13:52:02.227-0700	DEBUG	taskengine/engine.go:968	🔍 Processing tasks for operator assignment	{"operator": "0x997E5D40a32c44a3D93E59fC55C4Fd20b7d2d49D", "total_tasks_in_memory": 0}
2025-08-19T13:52:02.227-0700	DEBUG	taskengine/engine.go:1063	🔍 Task processing completed for operator	{"operator": "0x997E5D40a32c44a3D93E59fC55C4Fd20b7d2d49D", "tasks_to_stream": 0, "new_assignments": 0, "orphaned_reclaimed": 0}
2025-08-19T13:52:07.227-0700	INFO	taskengine/engine.go:893	📟 Ticker fired for operator	{"operator": "0x997E5D40a32c44a3D93E59fC55C4Fd20b7d2d49D", "stream_id": "d2d49D-4000", "tick_time": "13:52:07.226", "connection_start_time": "13:49:57.238", "connection_age": "2m10.002322125s"}
2025-08-19T13:52:07.231-0700	INFO	taskengine/engine.go:922	✅ Connection stabilized, proceeding with task assignment	{"operator": "0x997E5D40a32c44a3D93E59fC55C4Fd20b7d2d49D", "stream_id": "d2d49D-4000", "connection_age": "2m10.002322125s", "stabilization_complete": true, "total_tasks_in_memory": 0}
2025-08-19T13:52:07.232-0700	DEBUG	taskengine/engine.go:3004	Using hardcoded operator approval list	{"operator": "0x997E5D40a32c44a3D93E59fC55C4Fd20b7d2d49D"}
2025-08-19T13:52:07.232-0700	DEBUG	taskengine/engine.go:968	🔍 Processing tasks for operator assignment	{"operator": "0x997E5D40a32c44a3D93E59fC55C4Fd20b7d2d49D", "total_tasks_in_memory": 0}
2025-08-19T13:52:07.232-0700	DEBUG	taskengine/engine.go:1063	🔍 Task processing completed for operator	{"operator": "0x997E5D40a32c44a3D93E59fC55C4Fd20b7d2d49D", "tasks_to_stream": 0, "new_assignments": 0, "orphaned_reclaimed": 0}
2025-08-19T13:52:12.227-0700	INFO	taskengine/engine.go:893	📟 Ticker fired for operator	{"operator": "0x997E5D40a32c44a3D93E59fC55C4Fd20b7d2d49D", "stream_id": "d2d49D-4000", "tick_time": "13:52:12.226", "connection_start_time": "13:49:57.238", "connection_age": "2m15.002476833s"}
2025-08-19T13:52:12.229-0700	INFO	taskengine/engine.go:922	✅ Connection stabilized, proceeding with task assignment	{"operator": "0x997E5D40a32c44a3D93E59fC55C4Fd20b7d2d49D", "stream_id": "d2d49D-4000", "connection_age": "2m15.002476833s", "stabilization_complete": true, "total_tasks_in_memory": 0}
2025-08-19T13:52:12.230-0700	DEBUG	taskengine/engine.go:3004	Using hardcoded operator approval list	{"operator": "0x997E5D40a32c44a3D93E59fC55C4Fd20b7d2d49D"}
2025-08-19T13:52:12.230-0700	DEBUG	taskengine/engine.go:968	🔍 Processing tasks for operator assignment	{"operator": "0x997E5D40a32c44a3D93E59fC55C4Fd20b7d2d49D", "total_tasks_in_memory": 0}
2025-08-19T13:52:12.230-0700	DEBUG	taskengine/engine.go:1063	🔍 Task processing completed for operator	{"operator": "0x997E5D40a32c44a3D93E59fC55C4Fd20b7d2d49D", "tasks_to_stream": 0, "new_assignments": 0, "orphaned_reclaimed": 0}
2025-08-19T13:52:17.226-0700	INFO	taskengine/engine.go:893	📟 Ticker fired for operator	{"operator": "0x997E5D40a32c44a3D93E59fC55C4Fd20b7d2d49D", "stream_id": "d2d49D-4000", "tick_time": "13:52:17.226", "connection_start_time": "13:49:57.238", "connection_age": "2m20.0023785s"}
2025-08-19T13:52:17.227-0700	INFO	taskengine/engine.go:922	✅ Connection stabilized, proceeding with task assignment	{"operator": "0x997E5D40a32c44a3D93E59fC55C4Fd20b7d2d49D", "stream_id": "d2d49D-4000", "connection_age": "2m20.0023785s", "stabilization_complete": true, "total_tasks_in_memory": 0}
2025-08-19T13:52:17.227-0700	DEBUG	taskengine/engine.go:3004	Using hardcoded operator approval list	{"operator": "0x997E5D40a32c44a3D93E59fC55C4Fd20b7d2d49D"}
2025-08-19T13:52:17.227-0700	DEBUG	taskengine/engine.go:968	🔍 Processing tasks for operator assignment	{"operator": "0x997E5D40a32c44a3D93E59fC55C4Fd20b7d2d49D", "total_tasks_in_memory": 0}
2025-08-19T13:52:17.227-0700	DEBUG	taskengine/engine.go:1063	🔍 Task processing completed for operator	{"operator": "0x997E5D40a32c44a3D93E59fC55C4Fd20b7d2d49D", "tasks_to_stream": 0, "new_assignments": 0, "orphaned_reclaimed": 0}
2025-08-19T13:52:22.226-0700	INFO	taskengine/engine.go:893	📟 Ticker fired for operator	{"operator": "0x997E5D40a32c44a3D93E59fC55C4Fd20b7d2d49D", "stream_id": "d2d49D-4000", "tick_time": "13:52:22.226", "connection_start_time": "13:49:57.238", "connection_age": "2m25.001766458s"}
2025-08-19T13:52:22.226-0700	INFO	taskengine/engine.go:922	✅ Connection stabilized, proceeding with task assignment	{"operator": "0x997E5D40a32c44a3D93E59fC55C4Fd20b7d2d49D", "stream_id": "d2d49D-4000", "connection_age": "2m25.001766458s", "stabilization_complete": true, "total_tasks_in_memory": 0}
2025-08-19T13:52:22.227-0700	DEBUG	taskengine/engine.go:3004	Using hardcoded operator approval list	{"operator": "0x997E5D40a32c44a3D93E59fC55C4Fd20b7d2d49D"}
2025-08-19T13:52:22.227-0700	DEBUG	taskengine/engine.go:968	🔍 Processing tasks for operator assignment	{"operator": "0x997E5D40a32c44a3D93E59fC55C4Fd20b7d2d49D", "total_tasks_in_memory": 0}
2025-08-19T13:52:22.227-0700	DEBUG	taskengine/engine.go:1063	🔍 Task processing completed for operator	{"operator": "0x997E5D40a32c44a3D93E59fC55C4Fd20b7d2d49D", "tasks_to_stream": 0, "new_assignments": 0, "orphaned_reclaimed": 0}
2025-08-19T13:52:27.226-0700	INFO	taskengine/engine.go:893	📟 Ticker fired for operator	{"operator": "0x997E5D40a32c44a3D93E59fC55C4Fd20b7d2d49D", "stream_id": "d2d49D-4000", "tick_time": "13:52:27.226", "connection_start_time": "13:49:57.238", "connection_age": "2m30.002295708s"}
2025-08-19T13:52:27.227-0700	INFO	taskengine/engine.go:922	✅ Connection stabilized, proceeding with task assignment	{"operator": "0x997E5D40a32c44a3D93E59fC55C4Fd20b7d2d49D", "stream_id": "d2d49D-4000", "connection_age": "2m30.002295708s", "stabilization_complete": true, "total_tasks_in_memory": 0}
2025-08-19T13:52:27.227-0700	DEBUG	taskengine/engine.go:3004	Using hardcoded operator approval list	{"operator": "0x997E5D40a32c44a3D93E59fC55C4Fd20b7d2d49D"}
2025-08-19T13:52:27.227-0700	DEBUG	taskengine/engine.go:968	🔍 Processing tasks for operator assignment	{"operator": "0x997E5D40a32c44a3D93E59fC55C4Fd20b7d2d49D", "total_tasks_in_memory": 0}
2025-08-19T13:52:27.227-0700	DEBUG	taskengine/engine.go:1063	🔍 Task processing completed for operator	{"operator": "0x997E5D40a32c44a3D93E59fC55C4Fd20b7d2d49D", "tasks_to_stream": 0, "new_assignments": 0, "orphaned_reclaimed": 0}
2025-08-19T13:52:32.226-0700	INFO	taskengine/engine.go:893	📟 Ticker fired for operator	{"operator": "0x997E5D40a32c44a3D93E59fC55C4Fd20b7d2d49D", "stream_id": "d2d49D-4000", "tick_time": "13:52:32.226", "connection_start_time": "13:49:57.238", "connection_age": "2m35.002270208s"}
2025-08-19T13:52:32.226-0700	INFO	taskengine/engine.go:922	✅ Connection stabilized, proceeding with task assignment	{"operator": "0x997E5D40a32c44a3D93E59fC55C4Fd20b7d2d49D", "stream_id": "d2d49D-4000", "connection_age": "2m35.002270208s", "stabilization_complete": true, "total_tasks_in_memory": 0}
2025-08-19T13:52:32.226-0700	DEBUG	taskengine/engine.go:3004	Using hardcoded operator approval list	{"operator": "0x997E5D40a32c44a3D93E59fC55C4Fd20b7d2d49D"}
2025-08-19T13:52:32.226-0700	DEBUG	taskengine/engine.go:968	🔍 Processing tasks for operator assignment	{"operator": "0x997E5D40a32c44a3D93E59fC55C4Fd20b7d2d49D", "total_tasks_in_memory": 0}
2025-08-19T13:52:32.226-0700	DEBUG	taskengine/engine.go:1063	🔍 Task processing completed for operator	{"operator": "0x997E5D40a32c44a3D93E59fC55C4Fd20b7d2d49D", "tasks_to_stream": 0, "new_assignments": 0, "orphaned_reclaimed": 0}
2025-08-19T13:52:37.226-0700	INFO	taskengine/engine.go:893	📟 Ticker fired for operator	{"operator": "0x997E5D40a32c44a3D93E59fC55C4Fd20b7d2d49D", "stream_id": "d2d49D-4000", "tick_time": "13:52:37.226", "connection_start_time": "13:49:57.238", "connection_age": "2m40.002385958s"}
2025-08-19T13:52:37.227-0700	INFO	taskengine/engine.go:922	✅ Connection stabilized, proceeding with task assignment	{"operator": "0x997E5D40a32c44a3D93E59fC55C4Fd20b7d2d49D", "stream_id": "d2d49D-4000", "connection_age": "2m40.002385958s", "stabilization_complete": true, "total_tasks_in_memory": 0}
2025-08-19T13:52:37.228-0700	DEBUG	taskengine/engine.go:3004	Using hardcoded operator approval list	{"operator": "0x997E5D40a32c44a3D93E59fC55C4Fd20b7d2d49D"}
2025-08-19T13:52:37.228-0700	DEBUG	taskengine/engine.go:968	🔍 Processing tasks for operator assignment	{"operator": "0x997E5D40a32c44a3D93E59fC55C4Fd20b7d2d49D", "total_tasks_in_memory": 0}
2025-08-19T13:52:37.228-0700	DEBUG	taskengine/engine.go:1063	🔍 Task processing completed for operator	{"operator": "0x997E5D40a32c44a3D93E59fC55C4Fd20b7d2d49D", "tasks_to_stream": 0, "new_assignments": 0, "orphaned_reclaimed": 0}
2025-08-19T13:52:42.227-0700	INFO	taskengine/engine.go:893	📟 Ticker fired for operator	{"operator": "0x997E5D40a32c44a3D93E59fC55C4Fd20b7d2d49D", "stream_id": "d2d49D-4000", "tick_time": "13:52:42.226", "connection_start_time": "13:49:57.238", "connection_age": "2m45.002383125s"}
2025-08-19T13:52:42.227-0700	INFO	taskengine/engine.go:922	✅ Connection stabilized, proceeding with task assignment	{"operator": "0x997E5D40a32c44a3D93E59fC55C4Fd20b7d2d49D", "stream_id": "d2d49D-4000", "connection_age": "2m45.002383125s", "stabilization_complete": true, "total_tasks_in_memory": 0}
2025-08-19T13:52:42.227-0700	DEBUG	taskengine/engine.go:3004	Using hardcoded operator approval list	{"operator": "0x997E5D40a32c44a3D93E59fC55C4Fd20b7d2d49D"}
2025-08-19T13:52:42.227-0700	DEBUG	taskengine/engine.go:968	🔍 Processing tasks for operator assignment	{"operator": "0x997E5D40a32c44a3D93E59fC55C4Fd20b7d2d49D", "total_tasks_in_memory": 0}
2025-08-19T13:52:42.227-0700	DEBUG	taskengine/engine.go:1063	🔍 Task processing completed for operator	{"operator": "0x997E5D40a32c44a3D93E59fC55C4Fd20b7d2d49D", "tasks_to_stream": 0, "new_assignments": 0, "orphaned_reclaimed": 0}
2025-08-19T13:52:47.226-0700	INFO	taskengine/engine.go:893	📟 Ticker fired for operator	{"operator": "0x997E5D40a32c44a3D93E59fC55C4Fd20b7d2d49D", "stream_id": "d2d49D-4000", "tick_time": "13:52:47.226", "connection_start_time": "13:49:57.238", "connection_age": "2m50.002242417s"}
2025-08-19T13:52:47.227-0700	INFO	taskengine/engine.go:922	✅ Connection stabilized, proceeding with task assignment	{"operator": "0x997E5D40a32c44a3D93E59fC55C4Fd20b7d2d49D", "stream_id": "d2d49D-4000", "connection_age": "2m50.002242417s", "stabilization_complete": true, "total_tasks_in_memory": 0}
2025-08-19T13:52:47.227-0700	DEBUG	taskengine/engine.go:3004	Using hardcoded operator approval list	{"operator": "0x997E5D40a32c44a3D93E59fC55C4Fd20b7d2d49D"}
2025-08-19T13:52:47.227-0700	DEBUG	taskengine/engine.go:968	🔍 Processing tasks for operator assignment	{"operator": "0x997E5D40a32c44a3D93E59fC55C4Fd20b7d2d49D", "total_tasks_in_memory": 0}
2025-08-19T13:52:47.227-0700	DEBUG	taskengine/engine.go:1063	🔍 Task processing completed for operator	{"operator": "0x997E5D40a32c44a3D93E59fC55C4Fd20b7d2d49D", "tasks_to_stream": 0, "new_assignments": 0, "orphaned_reclaimed": 0}
2025-08-19T13:52:52.227-0700	INFO	taskengine/engine.go:893	📟 Ticker fired for operator	{"operator": "0x997E5D40a32c44a3D93E59fC55C4Fd20b7d2d49D", "stream_id": "d2d49D-4000", "tick_time": "13:52:52.226", "connection_start_time": "13:49:57.238", "connection_age": "2m55.002335083s"}
2025-08-19T13:52:52.227-0700	INFO	taskengine/engine.go:922	✅ Connection stabilized, proceeding with task assignment	{"operator": "0x997E5D40a32c44a3D93E59fC55C4Fd20b7d2d49D", "stream_id": "d2d49D-4000", "connection_age": "2m55.002335083s", "stabilization_complete": true, "total_tasks_in_memory": 0}
2025-08-19T13:52:52.227-0700	DEBUG	taskengine/engine.go:3004	Using hardcoded operator approval list	{"operator": "0x997E5D40a32c44a3D93E59fC55C4Fd20b7d2d49D"}
2025-08-19T13:52:52.227-0700	DEBUG	taskengine/engine.go:968	🔍 Processing tasks for operator assignment	{"operator": "0x997E5D40a32c44a3D93E59fC55C4Fd20b7d2d49D", "total_tasks_in_memory": 0}
2025-08-19T13:52:52.227-0700	DEBUG	taskengine/engine.go:1063	🔍 Task processing completed for operator	{"operator": "0x997E5D40a32c44a3D93E59fC55C4Fd20b7d2d49D", "tasks_to_stream": 0, "new_assignments": 0, "orphaned_reclaimed": 0}
2025-08-19T13:52:57.227-0700	INFO	taskengine/engine.go:893	📟 Ticker fired for operator	{"operator": "0x997E5D40a32c44a3D93E59fC55C4Fd20b7d2d49D", "stream_id": "d2d49D-4000", "tick_time": "13:52:57.227", "connection_start_time": "13:49:57.238", "connection_age": "3m0.002525458s"}
2025-08-19T13:52:57.228-0700	INFO	taskengine/engine.go:922	✅ Connection stabilized, proceeding with task assignment	{"operator": "0x997E5D40a32c44a3D93E59fC55C4Fd20b7d2d49D", "stream_id": "d2d49D-4000", "connection_age": "3m0.002525458s", "stabilization_complete": true, "total_tasks_in_memory": 0}
2025-08-19T13:52:57.228-0700	DEBUG	taskengine/engine.go:3004	Using hardcoded operator approval list	{"operator": "0x997E5D40a32c44a3D93E59fC55C4Fd20b7d2d49D"}
2025-08-19T13:52:57.228-0700	DEBUG	taskengine/engine.go:968	🔍 Processing tasks for operator assignment	{"operator": "0x997E5D40a32c44a3D93E59fC55C4Fd20b7d2d49D", "total_tasks_in_memory": 0}
2025-08-19T13:52:57.228-0700	DEBUG	taskengine/engine.go:1063	🔍 Task processing completed for operator	{"operator": "0x997E5D40a32c44a3D93E59fC55C4Fd20b7d2d49D", "tasks_to_stream": 0, "new_assignments": 0, "orphaned_reclaimed": 0}
2025-08-19T13:53:02.227-0700	INFO	taskengine/engine.go:893	📟 Ticker fired for operator	{"operator": "0x997E5D40a32c44a3D93E59fC55C4Fd20b7d2d49D", "stream_id": "d2d49D-4000", "tick_time": "13:53:02.227", "connection_start_time": "13:49:57.238", "connection_age": "3m5.00228675s"}
2025-08-19T13:53:02.227-0700	INFO	taskengine/engine.go:922	✅ Connection stabilized, proceeding with task assignment	{"operator": "0x997E5D40a32c44a3D93E59fC55C4Fd20b7d2d49D", "stream_id": "d2d49D-4000", "connection_age": "3m5.00228675s", "stabilization_complete": true, "total_tasks_in_memory": 0}
2025-08-19T13:53:02.227-0700	DEBUG	taskengine/engine.go:3004	Using hardcoded operator approval list	{"operator": "0x997E5D40a32c44a3D93E59fC55C4Fd20b7d2d49D"}
2025-08-19T13:53:02.227-0700	DEBUG	taskengine/engine.go:968	🔍 Processing tasks for operator assignment	{"operator": "0x997E5D40a32c44a3D93E59fC55C4Fd20b7d2d49D", "total_tasks_in_memory": 0}
2025-08-19T13:53:02.227-0700	DEBUG	taskengine/engine.go:1063	🔍 Task processing completed for operator	{"operator": "0x997E5D40a32c44a3D93E59fC55C4Fd20b7d2d49D", "tasks_to_stream": 0, "new_assignments": 0, "orphaned_reclaimed": 0}
2025-08-19T13:53:07.226-0700	INFO	taskengine/engine.go:893	📟 Ticker fired for operator	{"operator": "0x997E5D40a32c44a3D93E59fC55C4Fd20b7d2d49D", "stream_id": "d2d49D-4000", "tick_time": "13:53:07.226", "connection_start_time": "13:49:57.238", "connection_age": "3m10.001598167s"}
2025-08-19T13:53:07.226-0700	INFO	taskengine/engine.go:922	✅ Connection stabilized, proceeding with task assignment	{"operator": "0x997E5D40a32c44a3D93E59fC55C4Fd20b7d2d49D", "stream_id": "d2d49D-4000", "connection_age": "3m10.001598167s", "stabilization_complete": true, "total_tasks_in_memory": 0}
2025-08-19T13:53:07.226-0700	DEBUG	taskengine/engine.go:3004	Using hardcoded operator approval list	{"operator": "0x997E5D40a32c44a3D93E59fC55C4Fd20b7d2d49D"}
2025-08-19T13:53:07.226-0700	DEBUG	taskengine/engine.go:968	🔍 Processing tasks for operator assignment	{"operator": "0x997E5D40a32c44a3D93E59fC55C4Fd20b7d2d49D", "total_tasks_in_memory": 0}
2025-08-19T13:53:07.226-0700	DEBUG	taskengine/engine.go:1063	🔍 Task processing completed for operator	{"operator": "0x997E5D40a32c44a3D93E59fC55C4Fd20b7d2d49D", "tasks_to_stream": 0, "new_assignments": 0, "orphaned_reclaimed": 0}
2025-08-19T13:53:12.227-0700	INFO	taskengine/engine.go:893	📟 Ticker fired for operator	{"operator": "0x997E5D40a32c44a3D93E59fC55C4Fd20b7d2d49D", "stream_id": "d2d49D-4000", "tick_time": "13:53:12.227", "connection_start_time": "13:49:57.238", "connection_age": "3m15.002419042s"}
2025-08-19T13:53:12.227-0700	INFO	taskengine/engine.go:922	✅ Connection stabilized, proceeding with task assignment	{"operator": "0x997E5D40a32c44a3D93E59fC55C4Fd20b7d2d49D", "stream_id": "d2d49D-4000", "connection_age": "3m15.002419042s", "stabilization_complete": true, "total_tasks_in_memory": 0}
2025-08-19T13:53:12.227-0700	DEBUG	taskengine/engine.go:3004	Using hardcoded operator approval list	{"operator": "0x997E5D40a32c44a3D93E59fC55C4Fd20b7d2d49D"}
2025-08-19T13:53:12.227-0700	DEBUG	taskengine/engine.go:968	🔍 Processing tasks for operator assignment	{"operator": "0x997E5D40a32c44a3D93E59fC55C4Fd20b7d2d49D", "total_tasks_in_memory": 0}
2025-08-19T13:53:12.227-0700	DEBUG	taskengine/engine.go:1063	🔍 Task processing completed for operator	{"operator": "0x997E5D40a32c44a3D93E59fC55C4Fd20b7d2d49D", "tasks_to_stream": 0, "new_assignments": 0, "orphaned_reclaimed": 0}
2025-08-19T13:53:17.227-0700	INFO	taskengine/engine.go:893	📟 Ticker fired for operator	{"operator": "0x997E5D40a32c44a3D93E59fC55C4Fd20b7d2d49D", "stream_id": "d2d49D-4000", "tick_time": "13:53:17.227", "connection_start_time": "13:49:57.238", "connection_age": "3m20.002283167s"}
2025-08-19T13:53:17.228-0700	INFO	taskengine/engine.go:922	✅ Connection stabilized, proceeding with task assignment	{"operator": "0x997E5D40a32c44a3D93E59fC55C4Fd20b7d2d49D", "stream_id": "d2d49D-4000", "connection_age": "3m20.002283167s", "stabilization_complete": true, "total_tasks_in_memory": 0}
2025-08-19T13:53:17.228-0700	DEBUG	taskengine/engine.go:3004	Using hardcoded operator approval list	{"operator": "0x997E5D40a32c44a3D93E59fC55C4Fd20b7d2d49D"}
2025-08-19T13:53:17.228-0700	DEBUG	taskengine/engine.go:968	🔍 Processing tasks for operator assignment	{"operator": "0x997E5D40a32c44a3D93E59fC55C4Fd20b7d2d49D", "total_tasks_in_memory": 0}
2025-08-19T13:53:17.228-0700	DEBUG	taskengine/engine.go:1063	🔍 Task processing completed for operator	{"operator": "0x997E5D40a32c44a3D93E59fC55C4Fd20b7d2d49D", "tasks_to_stream": 0, "new_assignments": 0, "orphaned_reclaimed": 0}
2025-08-19T13:53:22.228-0700	INFO	taskengine/engine.go:893	📟 Ticker fired for operator	{"operator": "0x997E5D40a32c44a3D93E59fC55C4Fd20b7d2d49D", "stream_id": "d2d49D-4000", "tick_time": "13:53:22.228", "connection_start_time": "13:49:57.238", "connection_age": "3m25.003228458s"}
2025-08-19T13:53:22.228-0700	INFO	taskengine/engine.go:922	✅ Connection stabilized, proceeding with task assignment	{"operator": "0x997E5D40a32c44a3D93E59fC55C4Fd20b7d2d49D", "stream_id": "d2d49D-4000", "connection_age": "3m25.003228458s", "stabilization_complete": true, "total_tasks_in_memory": 0}
2025-08-19T13:53:22.228-0700	DEBUG	taskengine/engine.go:3004	Using hardcoded operator approval list	{"operator": "0x997E5D40a32c44a3D93E59fC55C4Fd20b7d2d49D"}
2025-08-19T13:53:22.228-0700	DEBUG	taskengine/engine.go:968	🔍 Processing tasks for operator assignment	{"operator": "0x997E5D40a32c44a3D93E59fC55C4Fd20b7d2d49D", "total_tasks_in_memory": 0}
2025-08-19T13:53:22.228-0700	DEBUG	taskengine/engine.go:1063	🔍 Task processing completed for operator	{"operator": "0x997E5D40a32c44a3D93E59fC55C4Fd20b7d2d49D", "tasks_to_stream": 0, "new_assignments": 0, "orphaned_reclaimed": 0}
2025-08-19T13:53:27.227-0700	INFO	taskengine/engine.go:893	📟 Ticker fired for operator	{"operator": "0x997E5D40a32c44a3D93E59fC55C4Fd20b7d2d49D", "stream_id": "d2d49D-4000", "tick_time": "13:53:27.227", "connection_start_time": "13:49:57.238", "connection_age": "3m30.002296917s"}
2025-08-19T13:53:27.227-0700	INFO	taskengine/engine.go:922	✅ Connection stabilized, proceeding with task assignment	{"operator": "0x997E5D40a32c44a3D93E59fC55C4Fd20b7d2d49D", "stream_id": "d2d49D-4000", "connection_age": "3m30.002296917s", "stabilization_complete": true, "total_tasks_in_memory": 0}
2025-08-19T13:53:27.227-0700	DEBUG	taskengine/engine.go:3004	Using hardcoded operator approval list	{"operator": "0x997E5D40a32c44a3D93E59fC55C4Fd20b7d2d49D"}
2025-08-19T13:53:27.227-0700	DEBUG	taskengine/engine.go:968	🔍 Processing tasks for operator assignment	{"operator": "0x997E5D40a32c44a3D93E59fC55C4Fd20b7d2d49D", "total_tasks_in_memory": 0}
2025-08-19T13:53:27.227-0700	DEBUG	taskengine/engine.go:1063	🔍 Task processing completed for operator	{"operator": "0x997E5D40a32c44a3D93E59fC55C4Fd20b7d2d49D", "tasks_to_stream": 0, "new_assignments": 0, "orphaned_reclaimed": 0}
2025-08-19T13:53:32.227-0700	INFO	taskengine/engine.go:893	📟 Ticker fired for operator	{"operator": "0x997E5D40a32c44a3D93E59fC55C4Fd20b7d2d49D", "stream_id": "d2d49D-4000", "tick_time": "13:53:32.227", "connection_start_time": "13:49:57.238", "connection_age": "3m35.002318375s"}
2025-08-19T13:53:32.227-0700	INFO	taskengine/engine.go:922	✅ Connection stabilized, proceeding with task assignment	{"operator": "0x997E5D40a32c44a3D93E59fC55C4Fd20b7d2d49D", "stream_id": "d2d49D-4000", "connection_age": "3m35.002318375s", "stabilization_complete": true, "total_tasks_in_memory": 0}
2025-08-19T13:53:32.227-0700	DEBUG	taskengine/engine.go:3004	Using hardcoded operator approval list	{"operator": "0x997E5D40a32c44a3D93E59fC55C4Fd20b7d2d49D"}
2025-08-19T13:53:32.227-0700	DEBUG	taskengine/engine.go:968	🔍 Processing tasks for operator assignment	{"operator": "0x997E5D40a32c44a3D93E59fC55C4Fd20b7d2d49D", "total_tasks_in_memory": 0}
2025-08-19T13:53:32.227-0700	DEBUG	taskengine/engine.go:1063	🔍 Task processing completed for operator	{"operator": "0x997E5D40a32c44a3D93E59fC55C4Fd20b7d2d49D", "tasks_to_stream": 0, "new_assignments": 0, "orphaned_reclaimed": 0}
2025-08-19T13:53:37.227-0700	INFO	taskengine/engine.go:893	📟 Ticker fired for operator	{"operator": "0x997E5D40a32c44a3D93E59fC55C4Fd20b7d2d49D", "stream_id": "d2d49D-4000", "tick_time": "13:53:37.227", "connection_start_time": "13:49:57.238", "connection_age": "3m40.002361417s"}
2025-08-19T13:53:37.228-0700	INFO	taskengine/engine.go:922	✅ Connection stabilized, proceeding with task assignment	{"operator": "0x997E5D40a32c44a3D93E59fC55C4Fd20b7d2d49D", "stream_id": "d2d49D-4000", "connection_age": "3m40.002361417s", "stabilization_complete": true, "total_tasks_in_memory": 0}
2025-08-19T13:53:37.228-0700	DEBUG	taskengine/engine.go:3004	Using hardcoded operator approval list	{"operator": "0x997E5D40a32c44a3D93E59fC55C4Fd20b7d2d49D"}
2025-08-19T13:53:37.228-0700	DEBUG	taskengine/engine.go:968	🔍 Processing tasks for operator assignment	{"operator": "0x997E5D40a32c44a3D93E59fC55C4Fd20b7d2d49D", "total_tasks_in_memory": 0}
2025-08-19T13:53:37.228-0700	DEBUG	taskengine/engine.go:1063	🔍 Task processing completed for operator	{"operator": "0x997E5D40a32c44a3D93E59fC55C4Fd20b7d2d49D", "tasks_to_stream": 0, "new_assignments": 0, "orphaned_reclaimed": 0}
2025-08-19T13:53:42.227-0700	INFO	taskengine/engine.go:893	📟 Ticker fired for operator	{"operator": "0x997E5D40a32c44a3D93E59fC55C4Fd20b7d2d49D", "stream_id": "d2d49D-4000", "tick_time": "13:53:42.227", "connection_start_time": "13:49:57.238", "connection_age": "3m45.00227875s"}
2025-08-19T13:53:42.227-0700	INFO	taskengine/engine.go:922	✅ Connection stabilized, proceeding with task assignment	{"operator": "0x997E5D40a32c44a3D93E59fC55C4Fd20b7d2d49D", "stream_id": "d2d49D-4000", "connection_age": "3m45.00227875s", "stabilization_complete": true, "total_tasks_in_memory": 0}
2025-08-19T13:53:42.227-0700	DEBUG	taskengine/engine.go:3004	Using hardcoded operator approval list	{"operator": "0x997E5D40a32c44a3D93E59fC55C4Fd20b7d2d49D"}
2025-08-19T13:53:42.227-0700	DEBUG	taskengine/engine.go:968	🔍 Processing tasks for operator assignment	{"operator": "0x997E5D40a32c44a3D93E59fC55C4Fd20b7d2d49D", "total_tasks_in_memory": 0}
2025-08-19T13:53:42.227-0700	DEBUG	taskengine/engine.go:1063	🔍 Task processing completed for operator	{"operator": "0x997E5D40a32c44a3D93E59fC55C4Fd20b7d2d49D", "tasks_to_stream": 0, "new_assignments": 0, "orphaned_reclaimed": 0}
2025-08-19T13:53:47.227-0700	INFO	taskengine/engine.go:893	📟 Ticker fired for operator	{"operator": "0x997E5D40a32c44a3D93E59fC55C4Fd20b7d2d49D", "stream_id": "d2d49D-4000", "tick_time": "13:53:47.227", "connection_start_time": "13:49:57.238", "connection_age": "3m50.002307s"}
2025-08-19T13:53:47.227-0700	INFO	taskengine/engine.go:922	✅ Connection stabilized, proceeding with task assignment	{"operator": "0x997E5D40a32c44a3D93E59fC55C4Fd20b7d2d49D", "stream_id": "d2d49D-4000", "connection_age": "3m50.002307s", "stabilization_complete": true, "total_tasks_in_memory": 0}
2025-08-19T13:53:47.227-0700	DEBUG	taskengine/engine.go:3004	Using hardcoded operator approval list	{"operator": "0x997E5D40a32c44a3D93E59fC55C4Fd20b7d2d49D"}
2025-08-19T13:53:47.227-0700	DEBUG	taskengine/engine.go:968	🔍 Processing tasks for operator assignment	{"operator": "0x997E5D40a32c44a3D93E59fC55C4Fd20b7d2d49D", "total_tasks_in_memory": 0}
2025-08-19T13:53:47.227-0700	DEBUG	taskengine/engine.go:1063	🔍 Task processing completed for operator	{"operator": "0x997E5D40a32c44a3D93E59fC55C4Fd20b7d2d49D", "tasks_to_stream": 0, "new_assignments": 0, "orphaned_reclaimed": 0}
2025-08-19T13:53:52.228-0700	INFO	taskengine/engine.go:893	📟 Ticker fired for operator	{"operator": "0x997E5D40a32c44a3D93E59fC55C4Fd20b7d2d49D", "stream_id": "d2d49D-4000", "tick_time": "13:53:52.228", "connection_start_time": "13:49:57.238", "connection_age": "3m55.002946958s"}
2025-08-19T13:53:52.228-0700	INFO	taskengine/engine.go:922	✅ Connection stabilized, proceeding with task assignment	{"operator": "0x997E5D40a32c44a3D93E59fC55C4Fd20b7d2d49D", "stream_id": "d2d49D-4000", "connection_age": "3m55.002946958s", "stabilization_complete": true, "total_tasks_in_memory": 0}
2025-08-19T13:53:52.229-0700	DEBUG	taskengine/engine.go:3004	Using hardcoded operator approval list	{"operator": "0x997E5D40a32c44a3D93E59fC55C4Fd20b7d2d49D"}
2025-08-19T13:53:52.229-0700	DEBUG	taskengine/engine.go:968	🔍 Processing tasks for operator assignment	{"operator": "0x997E5D40a32c44a3D93E59fC55C4Fd20b7d2d49D", "total_tasks_in_memory": 0}
2025-08-19T13:53:52.229-0700	DEBUG	taskengine/engine.go:1063	🔍 Task processing completed for operator	{"operator": "0x997E5D40a32c44a3D93E59fC55C4Fd20b7d2d49D", "tasks_to_stream": 0, "new_assignments": 0, "orphaned_reclaimed": 0}
2025-08-19T13:53:57.293-0700	INFO	taskengine/engine.go:893	📟 Ticker fired for operator	{"operator": "0x997E5D40a32c44a3D93E59fC55C4Fd20b7d2d49D", "stream_id": "d2d49D-4000", "tick_time": "13:53:57.256", "connection_start_time": "13:49:57.238", "connection_age": "4m0.050155958s"}
2025-08-19T13:53:57.299-0700	INFO	taskengine/engine.go:922	✅ Connection stabilized, proceeding with task assignment	{"operator": "0x997E5D40a32c44a3D93E59fC55C4Fd20b7d2d49D", "stream_id": "d2d49D-4000", "connection_age": "4m0.050155958s", "stabilization_complete": true, "total_tasks_in_memory": 0}
2025-08-19T13:53:57.299-0700	DEBUG	taskengine/engine.go:3004	Using hardcoded operator approval list	{"operator": "0x997E5D40a32c44a3D93E59fC55C4Fd20b7d2d49D"}
2025-08-19T13:53:57.300-0700	DEBUG	taskengine/engine.go:968	🔍 Processing tasks for operator assignment	{"operator": "0x997E5D40a32c44a3D93E59fC55C4Fd20b7d2d49D", "total_tasks_in_memory": 0}
2025-08-19T13:53:57.300-0700	DEBUG	taskengine/engine.go:1063	🔍 Task processing completed for operator	{"operator": "0x997E5D40a32c44a3D93E59fC55C4Fd20b7d2d49D", "tasks_to_stream": 0, "new_assignments": 0, "orphaned_reclaimed": 0}
2025-08-19T13:54:02.227-0700	INFO	taskengine/engine.go:893	📟 Ticker fired for operator	{"operator": "0x997E5D40a32c44a3D93E59fC55C4Fd20b7d2d49D", "stream_id": "d2d49D-4000", "tick_time": "13:54:02.227", "connection_start_time": "13:49:57.238", "connection_age": "4m5.002369458s"}
2025-08-19T13:54:02.228-0700	INFO	taskengine/engine.go:922	✅ Connection stabilized, proceeding with task assignment	{"operator": "0x997E5D40a32c44a3D93E59fC55C4Fd20b7d2d49D", "stream_id": "d2d49D-4000", "connection_age": "4m5.002369458s", "stabilization_complete": true, "total_tasks_in_memory": 0}
2025-08-19T13:54:02.228-0700	DEBUG	taskengine/engine.go:3004	Using hardcoded operator approval list	{"operator": "0x997E5D40a32c44a3D93E59fC55C4Fd20b7d2d49D"}
2025-08-19T13:54:02.228-0700	DEBUG	taskengine/engine.go:968	🔍 Processing tasks for operator assignment	{"operator": "0x997E5D40a32c44a3D93E59fC55C4Fd20b7d2d49D", "total_tasks_in_memory": 0}
2025-08-19T13:54:02.228-0700	DEBUG	taskengine/engine.go:1063	🔍 Task processing completed for operator	{"operator": "0x997E5D40a32c44a3D93E59fC55C4Fd20b7d2d49D", "tasks_to_stream": 0, "new_assignments": 0, "orphaned_reclaimed": 0}
2025-08-19T13:54:07.227-0700	INFO	taskengine/engine.go:893	📟 Ticker fired for operator	{"operator": "0x997E5D40a32c44a3D93E59fC55C4Fd20b7d2d49D", "stream_id": "d2d49D-4000", "tick_time": "13:54:07.227", "connection_start_time": "13:49:57.238", "connection_age": "4m10.002297625s"}
2025-08-19T13:54:07.228-0700	INFO	taskengine/engine.go:922	✅ Connection stabilized, proceeding with task assignment	{"operator": "0x997E5D40a32c44a3D93E59fC55C4Fd20b7d2d49D", "stream_id": "d2d49D-4000", "connection_age": "4m10.002297625s", "stabilization_complete": true, "total_tasks_in_memory": 0}
2025-08-19T13:54:07.228-0700	DEBUG	taskengine/engine.go:3004	Using hardcoded operator approval list	{"operator": "0x997E5D40a32c44a3D93E59fC55C4Fd20b7d2d49D"}
2025-08-19T13:54:07.228-0700	DEBUG	taskengine/engine.go:968	🔍 Processing tasks for operator assignment	{"operator": "0x997E5D40a32c44a3D93E59fC55C4Fd20b7d2d49D", "total_tasks_in_memory": 0}
2025-08-19T13:54:07.228-0700	DEBUG	taskengine/engine.go:1063	🔍 Task processing completed for operator	{"operator": "0x997E5D40a32c44a3D93E59fC55C4Fd20b7d2d49D", "tasks_to_stream": 0, "new_assignments": 0, "orphaned_reclaimed": 0}
2025-08-19T13:54:12.227-0700	INFO	taskengine/engine.go:893	📟 Ticker fired for operator	{"operator": "0x997E5D40a32c44a3D93E59fC55C4Fd20b7d2d49D", "stream_id": "d2d49D-4000", "tick_time": "13:54:12.227", "connection_start_time": "13:49:57.238", "connection_age": "4m15.002288708s"}
2025-08-19T13:54:12.227-0700	INFO	taskengine/engine.go:922	✅ Connection stabilized, proceeding with task assignment	{"operator": "0x997E5D40a32c44a3D93E59fC55C4Fd20b7d2d49D", "stream_id": "d2d49D-4000", "connection_age": "4m15.002288708s", "stabilization_complete": true, "total_tasks_in_memory": 0}
2025-08-19T13:54:12.227-0700	DEBUG	taskengine/engine.go:3004	Using hardcoded operator approval list	{"operator": "0x997E5D40a32c44a3D93E59fC55C4Fd20b7d2d49D"}
2025-08-19T13:54:12.227-0700	DEBUG	taskengine/engine.go:968	🔍 Processing tasks for operator assignment	{"operator": "0x997E5D40a32c44a3D93E59fC55C4Fd20b7d2d49D", "total_tasks_in_memory": 0}
2025-08-19T13:54:12.227-0700	DEBUG	taskengine/engine.go:1063	🔍 Task processing completed for operator	{"operator": "0x997E5D40a32c44a3D93E59fC55C4Fd20b7d2d49D", "tasks_to_stream": 0, "new_assignments": 0, "orphaned_reclaimed": 0}
2025-08-19T13:54:16.005-0700	INFO	apqueue/cleanup.go:21	starting orphaned jobs cleanup
2025-08-19T13:54:16.015-0700	INFO	apqueue/cleanup.go:68	orphaned jobs cleanup completed	{"total_jobs": 0, "orphaned_jobs": 0, "removed_jobs": 0, "failed_cleanup": 0, "duration_ms": 10}
2025-08-19T13:54:17.227-0700	INFO	taskengine/engine.go:893	📟 Ticker fired for operator	{"operator": "0x997E5D40a32c44a3D93E59fC55C4Fd20b7d2d49D", "stream_id": "d2d49D-4000", "tick_time": "13:54:17.227", "connection_start_time": "13:49:57.238", "connection_age": "4m20.002332625s"}
2025-08-19T13:54:17.227-0700	INFO	taskengine/engine.go:922	✅ Connection stabilized, proceeding with task assignment	{"operator": "0x997E5D40a32c44a3D93E59fC55C4Fd20b7d2d49D", "stream_id": "d2d49D-4000", "connection_age": "4m20.002332625s", "stabilization_complete": true, "total_tasks_in_memory": 0}
2025-08-19T13:54:17.228-0700	DEBUG	taskengine/engine.go:3004	Using hardcoded operator approval list	{"operator": "0x997E5D40a32c44a3D93E59fC55C4Fd20b7d2d49D"}
2025-08-19T13:54:17.228-0700	DEBUG	taskengine/engine.go:968	🔍 Processing tasks for operator assignment	{"operator": "0x997E5D40a32c44a3D93E59fC55C4Fd20b7d2d49D", "total_tasks_in_memory": 0}
2025-08-19T13:54:17.228-0700	DEBUG	taskengine/engine.go:1063	🔍 Task processing completed for operator	{"operator": "0x997E5D40a32c44a3D93E59fC55C4Fd20b7d2d49D", "tasks_to_stream": 0, "new_assignments": 0, "orphaned_reclaimed": 0}
2025-08-19T13:54:22.227-0700	INFO	taskengine/engine.go:893	📟 Ticker fired for operator	{"operator": "0x997E5D40a32c44a3D93E59fC55C4Fd20b7d2d49D", "stream_id": "d2d49D-4000", "tick_time": "13:54:22.227", "connection_start_time": "13:49:57.238", "connection_age": "4m25.00229275s"}
2025-08-19T13:54:22.227-0700	INFO	taskengine/engine.go:922	✅ Connection stabilized, proceeding with task assignment	{"operator": "0x997E5D40a32c44a3D93E59fC55C4Fd20b7d2d49D", "stream_id": "d2d49D-4000", "connection_age": "4m25.00229275s", "stabilization_complete": true, "total_tasks_in_memory": 0}
2025-08-19T13:54:22.228-0700	DEBUG	taskengine/engine.go:3004	Using hardcoded operator approval list	{"operator": "0x997E5D40a32c44a3D93E59fC55C4Fd20b7d2d49D"}
2025-08-19T13:54:22.228-0700	DEBUG	taskengine/engine.go:968	🔍 Processing tasks for operator assignment	{"operator": "0x997E5D40a32c44a3D93E59fC55C4Fd20b7d2d49D", "total_tasks_in_memory": 0}
2025-08-19T13:54:22.228-0700	DEBUG	taskengine/engine.go:1063	🔍 Task processing completed for operator	{"operator": "0x997E5D40a32c44a3D93E59fC55C4Fd20b7d2d49D", "tasks_to_stream": 0, "new_assignments": 0, "orphaned_reclaimed": 0}
2025-08-19T13:54:27.227-0700	INFO	taskengine/engine.go:893	📟 Ticker fired for operator	{"operator": "0x997E5D40a32c44a3D93E59fC55C4Fd20b7d2d49D", "stream_id": "d2d49D-4000", "tick_time": "13:54:27.227", "connection_start_time": "13:49:57.238", "connection_age": "4m30.00182225s"}
2025-08-19T13:54:27.228-0700	INFO	taskengine/engine.go:922	✅ Connection stabilized, proceeding with task assignment	{"operator": "0x997E5D40a32c44a3D93E59fC55C4Fd20b7d2d49D", "stream_id": "d2d49D-4000", "connection_age": "4m30.00182225s", "stabilization_complete": true, "total_tasks_in_memory": 0}
2025-08-19T13:54:27.228-0700	DEBUG	taskengine/engine.go:3004	Using hardcoded operator approval list	{"operator": "0x997E5D40a32c44a3D93E59fC55C4Fd20b7d2d49D"}
2025-08-19T13:54:27.228-0700	DEBUG	taskengine/engine.go:968	🔍 Processing tasks for operator assignment	{"operator": "0x997E5D40a32c44a3D93E59fC55C4Fd20b7d2d49D", "total_tasks_in_memory": 0}
2025-08-19T13:54:27.228-0700	DEBUG	taskengine/engine.go:1063	🔍 Task processing completed for operator	{"operator": "0x997E5D40a32c44a3D93E59fC55C4Fd20b7d2d49D", "tasks_to_stream": 0, "new_assignments": 0, "orphaned_reclaimed": 0}
2025-08-19T13:54:32.228-0700	INFO	taskengine/engine.go:893	📟 Ticker fired for operator	{"operator": "0x997E5D40a32c44a3D93E59fC55C4Fd20b7d2d49D", "stream_id": "d2d49D-4000", "tick_time": "13:54:32.227", "connection_start_time": "13:49:57.238", "connection_age": "4m35.002374583s"}
2025-08-19T13:54:32.228-0700	INFO	taskengine/engine.go:922	✅ Connection stabilized, proceeding with task assignment	{"operator": "0x997E5D40a32c44a3D93E59fC55C4Fd20b7d2d49D", "stream_id": "d2d49D-4000", "connection_age": "4m35.002374583s", "stabilization_complete": true, "total_tasks_in_memory": 0}
2025-08-19T13:54:32.228-0700	DEBUG	taskengine/engine.go:3004	Using hardcoded operator approval list	{"operator": "0x997E5D40a32c44a3D93E59fC55C4Fd20b7d2d49D"}
2025-08-19T13:54:32.228-0700	DEBUG	taskengine/engine.go:968	🔍 Processing tasks for operator assignment	{"operator": "0x997E5D40a32c44a3D93E59fC55C4Fd20b7d2d49D", "total_tasks_in_memory": 0}
2025-08-19T13:54:32.228-0700	DEBUG	taskengine/engine.go:1063	🔍 Task processing completed for operator	{"operator": "0x997E5D40a32c44a3D93E59fC55C4Fd20b7d2d49D", "tasks_to_stream": 0, "new_assignments": 0, "orphaned_reclaimed": 0}
2025-08-19T13:54:37.229-0700	INFO	taskengine/engine.go:893	📟 Ticker fired for operator	{"operator": "0x997E5D40a32c44a3D93E59fC55C4Fd20b7d2d49D", "stream_id": "d2d49D-4000", "tick_time": "13:54:37.228", "connection_start_time": "13:49:57.238", "connection_age": "4m40.002966125s"}
2025-08-19T13:54:37.236-0700	INFO	taskengine/engine.go:922	✅ Connection stabilized, proceeding with task assignment	{"operator": "0x997E5D40a32c44a3D93E59fC55C4Fd20b7d2d49D", "stream_id": "d2d49D-4000", "connection_age": "4m40.002966125s", "stabilization_complete": true, "total_tasks_in_memory": 0}
2025-08-19T13:54:37.236-0700	DEBUG	taskengine/engine.go:3004	Using hardcoded operator approval list	{"operator": "0x997E5D40a32c44a3D93E59fC55C4Fd20b7d2d49D"}
2025-08-19T13:54:37.236-0700	DEBUG	taskengine/engine.go:968	🔍 Processing tasks for operator assignment	{"operator": "0x997E5D40a32c44a3D93E59fC55C4Fd20b7d2d49D", "total_tasks_in_memory": 0}
2025-08-19T13:54:37.236-0700	DEBUG	taskengine/engine.go:1063	🔍 Task processing completed for operator	{"operator": "0x997E5D40a32c44a3D93E59fC55C4Fd20b7d2d49D", "tasks_to_stream": 0, "new_assignments": 0, "orphaned_reclaimed": 0}
2025-08-19T13:54:42.228-0700	INFO	taskengine/engine.go:893	📟 Ticker fired for operator	{"operator": "0x997E5D40a32c44a3D93E59fC55C4Fd20b7d2d49D", "stream_id": "d2d49D-4000", "tick_time": "13:54:42.228", "connection_start_time": "13:49:57.238", "connection_age": "4m45.0023145s"}
2025-08-19T13:54:42.228-0700	INFO	taskengine/engine.go:922	✅ Connection stabilized, proceeding with task assignment	{"operator": "0x997E5D40a32c44a3D93E59fC55C4Fd20b7d2d49D", "stream_id": "d2d49D-4000", "connection_age": "4m45.0023145s", "stabilization_complete": true, "total_tasks_in_memory": 0}
2025-08-19T13:54:42.228-0700	DEBUG	taskengine/engine.go:3004	Using hardcoded operator approval list	{"operator": "0x997E5D40a32c44a3D93E59fC55C4Fd20b7d2d49D"}
2025-08-19T13:54:42.228-0700	DEBUG	taskengine/engine.go:968	🔍 Processing tasks for operator assignment	{"operator": "0x997E5D40a32c44a3D93E59fC55C4Fd20b7d2d49D", "total_tasks_in_memory": 0}
2025-08-19T13:54:42.228-0700	DEBUG	taskengine/engine.go:1063	🔍 Task processing completed for operator	{"operator": "0x997E5D40a32c44a3D93E59fC55C4Fd20b7d2d49D", "tasks_to_stream": 0, "new_assignments": 0, "orphaned_reclaimed": 0}
2025-08-19T13:54:47.228-0700	INFO	taskengine/engine.go:893	📟 Ticker fired for operator	{"operator": "0x997E5D40a32c44a3D93E59fC55C4Fd20b7d2d49D", "stream_id": "d2d49D-4000", "tick_time": "13:54:47.228", "connection_start_time": "13:49:57.238", "connection_age": "4m50.0023025s"}
2025-08-19T13:54:47.228-0700	INFO	taskengine/engine.go:922	✅ Connection stabilized, proceeding with task assignment	{"operator": "0x997E5D40a32c44a3D93E59fC55C4Fd20b7d2d49D", "stream_id": "d2d49D-4000", "connection_age": "4m50.0023025s", "stabilization_complete": true, "total_tasks_in_memory": 0}
2025-08-19T13:54:47.228-0700	DEBUG	taskengine/engine.go:3004	Using hardcoded operator approval list	{"operator": "0x997E5D40a32c44a3D93E59fC55C4Fd20b7d2d49D"}
2025-08-19T13:54:47.228-0700	DEBUG	taskengine/engine.go:968	🔍 Processing tasks for operator assignment	{"operator": "0x997E5D40a32c44a3D93E59fC55C4Fd20b7d2d49D", "total_tasks_in_memory": 0}
2025-08-19T13:54:47.228-0700	DEBUG	taskengine/engine.go:1063	🔍 Task processing completed for operator	{"operator": "0x997E5D40a32c44a3D93E59fC55C4Fd20b7d2d49D", "tasks_to_stream": 0, "new_assignments": 0, "orphaned_reclaimed": 0}
2025-08-19T13:54:52.228-0700	INFO	taskengine/engine.go:893	📟 Ticker fired for operator	{"operator": "0x997E5D40a32c44a3D93E59fC55C4Fd20b7d2d49D", "stream_id": "d2d49D-4000", "tick_time": "13:54:52.228", "connection_start_time": "13:49:57.238", "connection_age": "4m55.002285042s"}
2025-08-19T13:54:52.228-0700	INFO	taskengine/engine.go:922	✅ Connection stabilized, proceeding with task assignment	{"operator": "0x997E5D40a32c44a3D93E59fC55C4Fd20b7d2d49D", "stream_id": "d2d49D-4000", "connection_age": "4m55.002285042s", "stabilization_complete": true, "total_tasks_in_memory": 0}
2025-08-19T13:54:52.228-0700	DEBUG	taskengine/engine.go:3004	Using hardcoded operator approval list	{"operator": "0x997E5D40a32c44a3D93E59fC55C4Fd20b7d2d49D"}
2025-08-19T13:54:52.228-0700	DEBUG	taskengine/engine.go:968	🔍 Processing tasks for operator assignment	{"operator": "0x997E5D40a32c44a3D93E59fC55C4Fd20b7d2d49D", "total_tasks_in_memory": 0}
2025-08-19T13:54:52.228-0700	DEBUG	taskengine/engine.go:1063	🔍 Task processing completed for operator	{"operator": "0x997E5D40a32c44a3D93E59fC55C4Fd20b7d2d49D", "tasks_to_stream": 0, "new_assignments": 0, "orphaned_reclaimed": 0}
2025-08-19T13:54:57.228-0700	INFO	taskengine/engine.go:893	📟 Ticker fired for operator	{"operator": "0x997E5D40a32c44a3D93E59fC55C4Fd20b7d2d49D", "stream_id": "d2d49D-4000", "tick_time": "13:54:57.228", "connection_start_time": "13:49:57.238", "connection_age": "5m0.002306167s"}
2025-08-19T13:54:57.228-0700	INFO	taskengine/engine.go:922	✅ Connection stabilized, proceeding with task assignment	{"operator": "0x997E5D40a32c44a3D93E59fC55C4Fd20b7d2d49D", "stream_id": "d2d49D-4000", "connection_age": "5m0.002306167s", "stabilization_complete": true, "total_tasks_in_memory": 0}
2025-08-19T13:54:57.228-0700	DEBUG	taskengine/engine.go:3004	Using hardcoded operator approval list	{"operator": "0x997E5D40a32c44a3D93E59fC55C4Fd20b7d2d49D"}
2025-08-19T13:54:57.228-0700	DEBUG	taskengine/engine.go:968	🔍 Processing tasks for operator assignment	{"operator": "0x997E5D40a32c44a3D93E59fC55C4Fd20b7d2d49D", "total_tasks_in_memory": 0}
2025-08-19T13:54:57.228-0700	DEBUG	taskengine/engine.go:1063	🔍 Task processing completed for operator	{"operator": "0x997E5D40a32c44a3D93E59fC55C4Fd20b7d2d49D", "tasks_to_stream": 0, "new_assignments": 0, "orphaned_reclaimed": 0}
2025-08-19T13:55:02.228-0700	INFO	taskengine/engine.go:893	📟 Ticker fired for operator	{"operator": "0x997E5D40a32c44a3D93E59fC55C4Fd20b7d2d49D", "stream_id": "d2d49D-4000", "tick_time": "13:55:02.228", "connection_start_time": "13:49:57.238", "connection_age": "5m5.002335792s"}
2025-08-19T13:55:02.229-0700	INFO	taskengine/engine.go:922	✅ Connection stabilized, proceeding with task assignment	{"operator": "0x997E5D40a32c44a3D93E59fC55C4Fd20b7d2d49D", "stream_id": "d2d49D-4000", "connection_age": "5m5.002335792s", "stabilization_complete": true, "total_tasks_in_memory": 0}
2025-08-19T13:55:02.229-0700	DEBUG	taskengine/engine.go:3004	Using hardcoded operator approval list	{"operator": "0x997E5D40a32c44a3D93E59fC55C4Fd20b7d2d49D"}
2025-08-19T13:55:02.229-0700	DEBUG	taskengine/engine.go:968	🔍 Processing tasks for operator assignment	{"operator": "0x997E5D40a32c44a3D93E59fC55C4Fd20b7d2d49D", "total_tasks_in_memory": 0}
2025-08-19T13:55:02.229-0700	DEBUG	taskengine/engine.go:1063	🔍 Task processing completed for operator	{"operator": "0x997E5D40a32c44a3D93E59fC55C4Fd20b7d2d49D", "tasks_to_stream": 0, "new_assignments": 0, "orphaned_reclaimed": 0}
2025-08-19T13:55:07.228-0700	INFO	taskengine/engine.go:893	📟 Ticker fired for operator	{"operator": "0x997E5D40a32c44a3D93E59fC55C4Fd20b7d2d49D", "stream_id": "d2d49D-4000", "tick_time": "13:55:07.228", "connection_start_time": "13:49:57.238", "connection_age": "5m10.002248125s"}
2025-08-19T13:55:07.229-0700	INFO	taskengine/engine.go:922	✅ Connection stabilized, proceeding with task assignment	{"operator": "0x997E5D40a32c44a3D93E59fC55C4Fd20b7d2d49D", "stream_id": "d2d49D-4000", "connection_age": "5m10.002248125s", "stabilization_complete": true, "total_tasks_in_memory": 0}
2025-08-19T13:55:07.229-0700	DEBUG	taskengine/engine.go:3004	Using hardcoded operator approval list	{"operator": "0x997E5D40a32c44a3D93E59fC55C4Fd20b7d2d49D"}
2025-08-19T13:55:07.229-0700	DEBUG	taskengine/engine.go:968	🔍 Processing tasks for operator assignment	{"operator": "0x997E5D40a32c44a3D93E59fC55C4Fd20b7d2d49D", "total_tasks_in_memory": 0}
2025-08-19T13:55:07.229-0700	DEBUG	taskengine/engine.go:1063	🔍 Task processing completed for operator	{"operator": "0x997E5D40a32c44a3D93E59fC55C4Fd20b7d2d49D", "tasks_to_stream": 0, "new_assignments": 0, "orphaned_reclaimed": 0}
2025-08-19T13:55:12.228-0700	INFO	taskengine/engine.go:893	📟 Ticker fired for operator	{"operator": "0x997E5D40a32c44a3D93E59fC55C4Fd20b7d2d49D", "stream_id": "d2d49D-4000", "tick_time": "13:55:12.228", "connection_start_time": "13:49:57.238", "connection_age": "5m15.002290792s"}
2025-08-19T13:55:12.228-0700	INFO	taskengine/engine.go:922	✅ Connection stabilized, proceeding with task assignment	{"operator": "0x997E5D40a32c44a3D93E59fC55C4Fd20b7d2d49D", "stream_id": "d2d49D-4000", "connection_age": "5m15.002290792s", "stabilization_complete": true, "total_tasks_in_memory": 0}
2025-08-19T13:55:12.229-0700	DEBUG	taskengine/engine.go:3004	Using hardcoded operator approval list	{"operator": "0x997E5D40a32c44a3D93E59fC55C4Fd20b7d2d49D"}
2025-08-19T13:55:12.229-0700	DEBUG	taskengine/engine.go:968	🔍 Processing tasks for operator assignment	{"operator": "0x997E5D40a32c44a3D93E59fC55C4Fd20b7d2d49D", "total_tasks_in_memory": 0}
2025-08-19T13:55:12.229-0700	DEBUG	taskengine/engine.go:1063	🔍 Task processing completed for operator	{"operator": "0x997E5D40a32c44a3D93E59fC55C4Fd20b7d2d49D", "tasks_to_stream": 0, "new_assignments": 0, "orphaned_reclaimed": 0}
2025-08-19T13:55:17.228-0700	INFO	taskengine/engine.go:893	📟 Ticker fired for operator	{"operator": "0x997E5D40a32c44a3D93E59fC55C4Fd20b7d2d49D", "stream_id": "d2d49D-4000", "tick_time": "13:55:17.228", "connection_start_time": "13:49:57.238", "connection_age": "5m20.002312s"}
2025-08-19T13:55:17.229-0700	INFO	taskengine/engine.go:922	✅ Connection stabilized, proceeding with task assignment	{"operator": "0x997E5D40a32c44a3D93E59fC55C4Fd20b7d2d49D", "stream_id": "d2d49D-4000", "connection_age": "5m20.002312s", "stabilization_complete": true, "total_tasks_in_memory": 0}
2025-08-19T13:55:17.229-0700	DEBUG	taskengine/engine.go:3004	Using hardcoded operator approval list	{"operator": "0x997E5D40a32c44a3D93E59fC55C4Fd20b7d2d49D"}
2025-08-19T13:55:17.229-0700	DEBUG	taskengine/engine.go:968	🔍 Processing tasks for operator assignment	{"operator": "0x997E5D40a32c44a3D93E59fC55C4Fd20b7d2d49D", "total_tasks_in_memory": 0}
2025-08-19T13:55:17.229-0700	DEBUG	taskengine/engine.go:1063	🔍 Task processing completed for operator	{"operator": "0x997E5D40a32c44a3D93E59fC55C4Fd20b7d2d49D", "tasks_to_stream": 0, "new_assignments": 0, "orphaned_reclaimed": 0}
2025-08-19T13:55:22.228-0700	INFO	taskengine/engine.go:893	📟 Ticker fired for operator	{"operator": "0x997E5D40a32c44a3D93E59fC55C4Fd20b7d2d49D", "stream_id": "d2d49D-4000", "tick_time": "13:55:22.228", "connection_start_time": "13:49:57.238", "connection_age": "5m25.002369375s"}
2025-08-19T13:55:22.228-0700	INFO	taskengine/engine.go:922	✅ Connection stabilized, proceeding with task assignment	{"operator": "0x997E5D40a32c44a3D93E59fC55C4Fd20b7d2d49D", "stream_id": "d2d49D-4000", "connection_age": "5m25.002369375s", "stabilization_complete": true, "total_tasks_in_memory": 0}
2025-08-19T13:55:22.228-0700	DEBUG	taskengine/engine.go:3004	Using hardcoded operator approval list	{"operator": "0x997E5D40a32c44a3D93E59fC55C4Fd20b7d2d49D"}
2025-08-19T13:55:22.228-0700	DEBUG	taskengine/engine.go:968	🔍 Processing tasks for operator assignment	{"operator": "0x997E5D40a32c44a3D93E59fC55C4Fd20b7d2d49D", "total_tasks_in_memory": 0}
2025-08-19T13:55:22.228-0700	DEBUG	taskengine/engine.go:1063	🔍 Task processing completed for operator	{"operator": "0x997E5D40a32c44a3D93E59fC55C4Fd20b7d2d49D", "tasks_to_stream": 0, "new_assignments": 0, "orphaned_reclaimed": 0}
2025-08-19T13:55:27.228-0700	INFO	taskengine/engine.go:893	📟 Ticker fired for operator	{"operator": "0x997E5D40a32c44a3D93E59fC55C4Fd20b7d2d49D", "stream_id": "d2d49D-4000", "tick_time": "13:55:27.228", "connection_start_time": "13:49:57.238", "connection_age": "5m30.0019565s"}
2025-08-19T13:55:27.228-0700	INFO	taskengine/engine.go:922	✅ Connection stabilized, proceeding with task assignment	{"operator": "0x997E5D40a32c44a3D93E59fC55C4Fd20b7d2d49D", "stream_id": "d2d49D-4000", "connection_age": "5m30.0019565s", "stabilization_complete": true, "total_tasks_in_memory": 0}
2025-08-19T13:55:27.228-0700	DEBUG	taskengine/engine.go:3004	Using hardcoded operator approval list	{"operator": "0x997E5D40a32c44a3D93E59fC55C4Fd20b7d2d49D"}
2025-08-19T13:55:27.228-0700	DEBUG	taskengine/engine.go:968	🔍 Processing tasks for operator assignment	{"operator": "0x997E5D40a32c44a3D93E59fC55C4Fd20b7d2d49D", "total_tasks_in_memory": 0}
2025-08-19T13:55:27.228-0700	DEBUG	taskengine/engine.go:1063	🔍 Task processing completed for operator	{"operator": "0x997E5D40a32c44a3D93E59fC55C4Fd20b7d2d49D", "tasks_to_stream": 0, "new_assignments": 0, "orphaned_reclaimed": 0}
2025-08-19T13:55:32.228-0700	INFO	taskengine/engine.go:893	📟 Ticker fired for operator	{"operator": "0x997E5D40a32c44a3D93E59fC55C4Fd20b7d2d49D", "stream_id": "d2d49D-4000", "tick_time": "13:55:32.228", "connection_start_time": "13:49:57.238", "connection_age": "5m35.00226925s"}
2025-08-19T13:55:32.228-0700	INFO	taskengine/engine.go:922	✅ Connection stabilized, proceeding with task assignment	{"operator": "0x997E5D40a32c44a3D93E59fC55C4Fd20b7d2d49D", "stream_id": "d2d49D-4000", "connection_age": "5m35.00226925s", "stabilization_complete": true, "total_tasks_in_memory": 0}
2025-08-19T13:55:32.228-0700	DEBUG	taskengine/engine.go:3004	Using hardcoded operator approval list	{"operator": "0x997E5D40a32c44a3D93E59fC55C4Fd20b7d2d49D"}
2025-08-19T13:55:32.228-0700	DEBUG	taskengine/engine.go:968	🔍 Processing tasks for operator assignment	{"operator": "0x997E5D40a32c44a3D93E59fC55C4Fd20b7d2d49D", "total_tasks_in_memory": 0}
2025-08-19T13:55:32.228-0700	DEBUG	taskengine/engine.go:1063	🔍 Task processing completed for operator	{"operator": "0x997E5D40a32c44a3D93E59fC55C4Fd20b7d2d49D", "tasks_to_stream": 0, "new_assignments": 0, "orphaned_reclaimed": 0}
2025-08-19T13:55:37.228-0700	INFO	taskengine/engine.go:893	📟 Ticker fired for operator	{"operator": "0x997E5D40a32c44a3D93E59fC55C4Fd20b7d2d49D", "stream_id": "d2d49D-4000", "tick_time": "13:55:37.228", "connection_start_time": "13:49:57.238", "connection_age": "5m40.002291708s"}
2025-08-19T13:55:37.229-0700	INFO	taskengine/engine.go:922	✅ Connection stabilized, proceeding with task assignment	{"operator": "0x997E5D40a32c44a3D93E59fC55C4Fd20b7d2d49D", "stream_id": "d2d49D-4000", "connection_age": "5m40.002291708s", "stabilization_complete": true, "total_tasks_in_memory": 0}
2025-08-19T13:55:37.229-0700	DEBUG	taskengine/engine.go:3004	Using hardcoded operator approval list	{"operator": "0x997E5D40a32c44a3D93E59fC55C4Fd20b7d2d49D"}
2025-08-19T13:55:37.229-0700	DEBUG	taskengine/engine.go:968	🔍 Processing tasks for operator assignment	{"operator": "0x997E5D40a32c44a3D93E59fC55C4Fd20b7d2d49D", "total_tasks_in_memory": 0}
2025-08-19T13:55:37.229-0700	DEBUG	taskengine/engine.go:1063	🔍 Task processing completed for operator	{"operator": "0x997E5D40a32c44a3D93E59fC55C4Fd20b7d2d49D", "tasks_to_stream": 0, "new_assignments": 0, "orphaned_reclaimed": 0}
2025-08-19T13:55:42.228-0700	INFO	taskengine/engine.go:893	📟 Ticker fired for operator	{"operator": "0x997E5D40a32c44a3D93E59fC55C4Fd20b7d2d49D", "stream_id": "d2d49D-4000", "tick_time": "13:55:42.228", "connection_start_time": "13:49:57.238", "connection_age": "5m45.002324167s"}
2025-08-19T13:55:42.228-0700	INFO	taskengine/engine.go:922	✅ Connection stabilized, proceeding with task assignment	{"operator": "0x997E5D40a32c44a3D93E59fC55C4Fd20b7d2d49D", "stream_id": "d2d49D-4000", "connection_age": "5m45.002324167s", "stabilization_complete": true, "total_tasks_in_memory": 0}
2025-08-19T13:55:42.228-0700	DEBUG	taskengine/engine.go:3004	Using hardcoded operator approval list	{"operator": "0x997E5D40a32c44a3D93E59fC55C4Fd20b7d2d49D"}
2025-08-19T13:55:42.228-0700	DEBUG	taskengine/engine.go:968	🔍 Processing tasks for operator assignment	{"operator": "0x997E5D40a32c44a3D93E59fC55C4Fd20b7d2d49D", "total_tasks_in_memory": 0}
2025-08-19T13:55:42.228-0700	DEBUG	taskengine/engine.go:1063	🔍 Task processing completed for operator	{"operator": "0x997E5D40a32c44a3D93E59fC55C4Fd20b7d2d49D", "tasks_to_stream": 0, "new_assignments": 0, "orphaned_reclaimed": 0}
2025-08-19T13:55:47.228-0700	INFO	taskengine/engine.go:893	📟 Ticker fired for operator	{"operator": "0x997E5D40a32c44a3D93E59fC55C4Fd20b7d2d49D", "stream_id": "d2d49D-4000", "tick_time": "13:55:47.228", "connection_start_time": "13:49:57.238", "connection_age": "5m50.002333708s"}
2025-08-19T13:55:47.228-0700	INFO	taskengine/engine.go:922	✅ Connection stabilized, proceeding with task assignment	{"operator": "0x997E5D40a32c44a3D93E59fC55C4Fd20b7d2d49D", "stream_id": "d2d49D-4000", "connection_age": "5m50.002333708s", "stabilization_complete": true, "total_tasks_in_memory": 0}
2025-08-19T13:55:47.229-0700	DEBUG	taskengine/engine.go:3004	Using hardcoded operator approval list	{"operator": "0x997E5D40a32c44a3D93E59fC55C4Fd20b7d2d49D"}
2025-08-19T13:55:47.229-0700	DEBUG	taskengine/engine.go:968	🔍 Processing tasks for operator assignment	{"operator": "0x997E5D40a32c44a3D93E59fC55C4Fd20b7d2d49D", "total_tasks_in_memory": 0}
2025-08-19T13:55:47.229-0700	DEBUG	taskengine/engine.go:1063	🔍 Task processing completed for operator	{"operator": "0x997E5D40a32c44a3D93E59fC55C4Fd20b7d2d49D", "tasks_to_stream": 0, "new_assignments": 0, "orphaned_reclaimed": 0}
